#
# A fatal error has been detected by the Java Runtime Environment:
#
#  EXCEPTION_ACCESS_VIOLATION (0xc0000005) at pc=0x6a341884, pid=2332, tid=3300
#
# JRE version: 7.0_05-b06
# Java VM: Java HotSpot(TM) Client VM (23.1-b03 mixed mode windows-x86 )
# Problematic frame:
# V  [jvm.dll+0xa1884]
#
# Failed to write core dump. Minidumps are not enabled by default on client versions of Windows
#
# If you would like to submit a bug report, please visit:
#   http://bugreport.sun.com/bugreport/crash.jsp
#

---------------  T H R E A D  ---------------

Current thread (0x582ef800):  JavaThread "pool-11-thread-3" [_thread_in_vm, id=3300, stack(0x57560000,0x57660000)]

siginfo: ExceptionCode=0xc0000005, reading address 0x00000008

Registers:
EAX=0x00000000, EBX=0x0000000a, ECX=0x00000000, EDX=0x00000000
ESP=0x5765e85c, EBP=0x5765e874, ESI=0x00000000, EDI=0x000000b7
EIP=0x6a341884, EFLAGS=0x00010246

Top of Stack: (sp=0x5765e85c)
0x5765e85c:   000000b7 582ef800 6a376d78 000000b7
0x5765e86c:   5765e92c 0000000a 5765e8b0 6cbc2f7b
0x5765e87c:   582ef800 57b02338 0000000a 57becff0
0x5765e88c:   00000018 5765e92c 00000000 57becfd8
0x5765e89c:   58a24a40 0000000a 000000b7 57b02338
0x5765e8ac:   582ef928 5765e8e4 6cbc4bd3 0000000c
0x5765e8bc:   00000018 58a24a4f 5765e92c 00000001
0x5765e8cc:   00000003 57beccfc 58a24a4f 582ef928 

Instructions: (pc=0x6a341884)
0x6a341864:   5e 5f 5d c2 08 00 8b 45 08 5f 5d c2 08 00 cc cc
0x6a341874:   cc cc cc cc cc cc cc cc cc cc cc cc 56 57 8b f1
0x6a341884:   0f b7 7e 08 47 57 e8 41 eb fc ff 83 c4 04 85 ff
0x6a341894:   7e 2b 0f b7 4e 08 8d 57 ff 3b d1 7c 02 8b d1 33 


Register to memory mapping:

EAX=0x00000000 is an unknown value
EBX=0x0000000a is an unknown value
ECX=0x00000000 is an unknown value
EDX=0x00000000 is an unknown value
ESP=0x5765e85c is pointing into the stack for thread: 0x582ef800
EBP=0x5765e874 is pointing into the stack for thread: 0x582ef800
ESI=0x00000000 is an unknown value
EDI=0x000000b7 is an unknown value


Stack: [0x57560000,0x57660000],  sp=0x5765e85c,  free space=1018k
Native frames: (J=compiled Java code, j=interpreted, Vv=VM code, C=native code)
V  [jvm.dll+0xa1884]
C  [verify.dll+0x2f7b]
C  [verify.dll+0x4bd3]
C  [verify.dll+0x4f32]  VerifyClassForMajorVersion+0x2b2

Java frames: (J=compiled Java code, j=interpreted, Vv=VM code)
j  javassist.bytecode.AttributeInfo.read(Ljavassist/bytecode/ConstPool;Ljava/io/DataInputStream;)Ljavassist/bytecode/AttributeInfo;+368
j  javassist.bytecode.CodeAttribute.<init>(Ljavassist/bytecode/ConstPool;ILjava/io/DataInputStream;)V+100
j  javassist.bytecode.AttributeInfo.read(Ljavassist/bytecode/ConstPool;Ljava/io/DataInputStream;)Ljavassist/bytecode/AttributeInfo;+57
j  javassist.bytecode.MethodInfo.read(Ljava/io/DataInputStream;)V+56
j  javassist.bytecode.MethodInfo.<init>(Ljavassist/bytecode/ConstPool;Ljava/io/DataInputStream;)V+7
j  javassist.bytecode.ClassFile.read(Ljava/io/DataInputStream;)V+234
j  javassist.bytecode.ClassFile.<init>(Ljava/io/DataInputStream;)V+6
j  javassist.CtClassType.getClassFile2()Ljavassist/bytecode/ClassFile;+134
j  javassist.CtClassType.makeFieldCache(Ljavassist/CtMember$Cache;)V+1
j  javassist.CtClassType.getMembers()Ljavassist/CtMember$Cache;+35
j  javassist.CtClassType.getDeclaredField2(Ljava/lang/String;Ljava/lang/String;)Ljavassist/CtField;+1
j  javassist.CtClassType.getField2(Ljava/lang/String;Ljava/lang/String;)Ljavassist/CtField;+3
j  javassist.CtClassType.getField(Ljava/lang/String;Ljava/lang/String;)Ljavassist/CtField;+3
j  javassist.CtClass.getField(Ljava/lang/String;)Ljavassist/CtField;+3
j  javassist.expr.FieldAccess.getField()Ljavassist/CtField;+10
j  play.core.enhancers.PropertiesEnhancer$1.edit(Ljavassist/expr/FieldAccess;)V+1
j  javassist.expr.ExprEditor.loopBody(Ljavassist/bytecode/CodeIterator;Ljavassist/CtClass;Ljavassist/bytecode/MethodInfo;Ljavassist/expr/ExprEditor$LoopContext;)Z+140
j  javassist.expr.ExprEditor.doit(Ljavassist/CtClass;Ljavassist/bytecode/MethodInfo;)Z+48
j  javassist.CtBehavior.instrument(Ljavassist/expr/ExprEditor;)V+26
j  play.core.enhancers.PropertiesEnhancer.rewriteAccess(Ljava/lang/String;Ljava/io/File;)V+90
j  sbt.PlayCommands$$anonfun$PostCompile$1$$anonfun$apply$32.apply(Ljava/io/File;)V+5
j  sbt.PlayCommands$$anonfun$PostCompile$1$$anonfun$apply$32.apply(Ljava/lang/Object;)Ljava/lang/Object;+5
J  scala.collection.mutable.ResizableArray$class.foreach(Lscala/collection/mutable/ResizableArray;Lscala/Function1;)V
J  scala.collection.mutable.ArrayBuffer.foreach(Lscala/Function1;)V
j  sbt.PlayCommands$$anonfun$PostCompile$1.apply(Ljava/io/File;Lscala/collection/Seq;Lsbt/inc/Analysis;Ljava/io/File;Ljava/io/File;Ljava/io/File;Ljava/io/File;)Lsbt/inc/Analysis;+298
j  sbt.PlayCommands$$anonfun$PostCompile$1.apply(Ljava/lang/Object;Ljava/lang/Object;Ljava/lang/Object;Ljava/lang/Object;Ljava/lang/Object;Ljava/lang/Object;Ljava/lang/Object;)Ljava/lang/Object;+33
j  sbt.Scoped$$anonfun$hf7$1.apply(Lsbt/HCons;)Ljava/lang/Object;+190
j  sbt.Scoped$$anonfun$hf7$1.apply(Ljava/lang/Object;)Ljava/lang/Object;+5
J  scala.Function1$$anonfun$compose$1.apply(Ljava/lang/Object;)Ljava/lang/Object;
j  sbt.Scoped$Reduced$$anonfun$combine$1$$anonfun$apply$12.apply(Lsbt/KList;)Ljava/lang/Object;+24
j  sbt.Scoped$Reduced$$anonfun$combine$1$$anonfun$apply$12.apply(Ljava/lang/Object;)Ljava/lang/Object;+5
j  sbt.$tilde$greater$$anonfun$$u2219$1.apply(Ljava/lang/Object;)Ljava/lang/Object;+13
j  sbt.std.Transform$$anon$5.work(Lsbt/KList;Lscala/collection/Seq;)Lscala/Either;+5
j  sbt.Execute$$anonfun$submit$1$$anonfun$apply$1.apply()Lscala/Either;+21
j  sbt.Execute$$anonfun$submit$1$$anonfun$apply$1.apply()Ljava/lang/Object;+1
j  sbt.ErrorHandling$.wideConvert(Lscala/Function0;)Lscala/Either;+7
j  sbt.Execute.work(Ljava/lang/Object;Lscala/Function0;Lsbt/CompletionService;)Lsbt/Completed;+4
j  sbt.Execute$$anonfun$submit$1.apply()Lsbt/Completed;+20
j  sbt.Execute$$anonfun$submit$1.apply()Ljava/lang/Object;+1
j  sbt.ConcurrentRestrictions$$anon$4$$anonfun$1.apply()Ljava/lang/Object;+6
j  sbt.CompletionService$$anon$2.call()Ljava/lang/Object;+4
j  java.util.concurrent.FutureTask$Sync.innerRun()V+29
j  java.util.concurrent.FutureTask.run()V+4
j  java.util.concurrent.Executors$RunnableAdapter.call()Ljava/lang/Object;+4
j  java.util.concurrent.FutureTask$Sync.innerRun()V+29
j  java.util.concurrent.FutureTask.run()V+4
J  java.util.concurrent.ThreadPoolExecutor.runWorker(Ljava/util/concurrent/ThreadPoolExecutor$Worker;)V
j  java.util.concurrent.ThreadPoolExecutor$Worker.run()V+5
j  java.lang.Thread.run()V+11
v  ~StubRoutines::call_stub

---------------  P R O C E S S  ---------------

Java Threads: ( => current thread )
  0x585ad800 JavaThread "Thread-2" daemon [_thread_in_native, id=1648, stack(0x57510000,0x57560000)]
  0x585ad400 JavaThread "Scala Presentation Compiler []" [_thread_blocked, id=3448, stack(0x59990000,0x59a90000)]
=>0x582ef800 JavaThread "pool-11-thread-3" [_thread_in_vm, id=3300, stack(0x57560000,0x57660000)]
  0x582ef400 JavaThread "pool-11-thread-2" [_thread_blocked, id=3576, stack(0x59850000,0x59950000)]
  0x582db400 JavaThread "pool-11-thread-1" [_thread_blocked, id=2696, stack(0x59750000,0x59850000)]
  0x582bd800 JavaThread "New I/O server boss #1 ([id: 0x795ad056, /0:0:0:0:0:0:0:0:9000])" [_thread_in_native, id=2336, stack(0x59200000,0x59300000)]
  0x58240c00 JavaThread "New I/O  worker #4" [_thread_in_native, id=3240, stack(0x594d0000,0x595d0000)]
  0x58216c00 JavaThread "New I/O  worker #3" [_thread_in_native, id=2256, stack(0x59380000,0x59480000)]
  0x5829bc00 JavaThread "New I/O  worker #2" [_thread_in_native, id=2964, stack(0x57710000,0x57810000)]
  0x581fac00 JavaThread "New I/O  worker #1" [_thread_blocked, id=3820, stack(0x590e0000,0x591e0000)]
  0x55dc4000 JavaThread "Service Thread" daemon [_thread_blocked, id=3424, stack(0x564b0000,0x565b0000)]
  0x55dad000 JavaThread "C1 CompilerThread0" daemon [_thread_blocked, id=3680, stack(0x55f60000,0x55fb0000)]
  0x55dabc00 JavaThread "Attach Listener" daemon [_thread_blocked, id=2412, stack(0x563b0000,0x564b0000)]
  0x55da6800 JavaThread "Signal Dispatcher" daemon [_thread_blocked, id=4056, stack(0x56160000,0x56260000)]
  0x0177e800 JavaThread "Finalizer" daemon [_thread_blocked, id=1332, stack(0x56020000,0x56120000)]
  0x0177d000 JavaThread "Reference Handler" daemon [_thread_blocked, id=3324, stack(0x55bc0000,0x55cc0000)]
  0x017eb400 JavaThread "main" [_thread_in_native, id=1620, stack(0x01980000,0x01a80000)]

Other Threads:
  0x01777800 VMThread [stack: 0x55cf0000,0x55d40000] [id=3492]
  0x55dd7400 WatcherThread [stack: 0x56620000,0x56670000] [id=3700]

VM state:not at safepoint (normal execution)

VM Mutex/Monitor currently owned by a thread: None

Heap
 def new generation   total 157376K, used 40656K [0x03a80000, 0x0e540000, 0x18fd0000)
  eden space 139904K,  29% used [0x03a80000, 0x06234290, 0x0c320000)
  from space 17472K,   0% used [0x0c320000, 0x0c320000, 0x0d430000)
  to   space 17472K,   0% used [0x0d430000, 0x0d430000, 0x0e540000)
 tenured generation   total 349568K, used 76280K [0x18fd0000, 0x2e530000, 0x43a80000)
   the space 349568K,  21% used [0x18fd0000, 0x1da4e388, 0x1da4e400, 0x2e530000)
 compacting perm gen  total 51968K, used 51825K [0x43a80000, 0x46d40000, 0x53a80000)
   the space 51968K,  99% used [0x43a80000, 0x46d1c420, 0x46d1c600, 0x46d40000)
No shared spaces configured.

Code Cache  [0x01a80000, 0x02008000, 0x03a80000)
 total_blobs=4618 nmethods=4425 adapters=125 free_code_cache=27114Kb largest_free_block=27759808

Compilation events (10 events):
Event: 13.871 Thread 0x55dad000 4465             java.io.DataInputStream::readFully (63 bytes)
Event: 13.871 Thread 0x55dad000 nmethod 4465 0x02005488 code [0x020055b0, 0x02005784]
Event: 13.878 Thread 0x55dad000 4466             java.io.ExpiringCache::entryFor (57 bytes)
Event: 13.879 Thread 0x55dad000 nmethod 4466 0x020058c8 code [0x020059e0, 0x02005b48]
Event: 13.881 Thread 0x55dad000 4467             java.net.URL::isValidProtocol (78 bytes)
Event: 13.881 Thread 0x55dad000 nmethod 4467 0x02005c48 code [0x02005db0, 0x020060b8]
Event: 13.896 Thread 0x55dad000 4468             java.io.DataInputStream::readUnsignedShort (39 bytes)
Event: 13.896 Thread 0x55dad000 nmethod 4468 0x02006508 code [0x02006630, 0x02006774]
Event: 13.896 Thread 0x55dad000 4469             javassist.bytecode.LongVector::elementAt (29 bytes)
Event: 13.896 Thread 0x55dad000 nmethod 4469 0x02006848 code [0x02006950, 0x02006a40]

GC Heap History (10 events):
Event: 7.441 GC heap before
{Heap before GC invocations=5 (full 4):
 def new generation   total 157376K, used 44755K [0x03a80000, 0x0e540000, 0x18fd0000)
  eden space 139904K,  31% used [0x03a80000, 0x06634f80, 0x0c320000)
  from space 17472K,   0% used [0x0c320000, 0x0c320000, 0x0d430000)
  to   space 17472K,   0% used [0x0d430000, 0x0d430000, 0x0e540000)
 tenured generation   total 349568K, used 10961K [0x18fd0000, 0x2e530000, 0x43a80000)
   the space 349568K,   3% used [0x18fd0000, 0x19a844f0, 0x19a84600, 0x2e530000)
 compacting perm gen  total 32768K, used 32767K [0x43a80000, 0x45a80000, 0x53a80000)
   the space 32768K,  99% used [0x43a80000, 0x45a7fff8, 0x45a80000, 0x45a80000)
No shared spaces configured.
Event: 7.627 GC heap after
Heap after GC invocations=6 (full 5):
 def new generation   total 157376K, used 0K [0x03a80000, 0x0e540000, 0x18fd0000)
  eden space 139904K,   0% used [0x03a80000, 0x03a80000, 0x0c320000)
  from space 17472K,   0% used [0x0c320000, 0x0c320000, 0x0d430000)
  to   space 17472K,   0% used [0x0d430000, 0x0d430000, 0x0e540000)
 tenured generation   total 349568K, used 29254K [0x18fd0000, 0x2e530000, 0x43a80000)
   the space 349568K,   8% used [0x18fd0000, 0x1ac61928, 0x1ac61a00, 0x2e530000)
 compacting perm gen  total 32768K, used 32767K [0x43a80000, 0x45a80000, 0x53a80000)
   the space 32768K,  99% used [0x43a80000, 0x45a7fff8, 0x45a80000, 0x45a80000)
No shared spaces configured.
}
Event: 8.583 GC heap before
{Heap before GC invocations=6 (full 5):
 def new generation   total 157376K, used 66826K [0x03a80000, 0x0e540000, 0x18fd0000)
  eden space 139904K,  47% used [0x03a80000, 0x07bc2a30, 0x0c320000)
  from space 17472K,   0% used [0x0c320000, 0x0c320000, 0x0d430000)
  to   space 17472K,   0% used [0x0d430000, 0x0d430000, 0x0e540000)
 tenured generation   total 349568K, used 29254K [0x18fd0000, 0x2e530000, 0x43a80000)
   the space 349568K,   8% used [0x18fd0000, 0x1ac61928, 0x1ac61a00, 0x2e530000)
 compacting perm gen  total 36864K, used 36863K [0x43a80000, 0x45e80000, 0x53a80000)
   the space 36864K,  99% used [0x43a80000, 0x45e7ffd0, 0x45e80000, 0x45e80000)
No shared spaces configured.
Event: 8.823 GC heap after
Heap after GC invocations=7 (full 6):
 def new generation   total 157376K, used 0K [0x03a80000, 0x0e540000, 0x18fd0000)
  eden space 139904K,   0% used [0x03a80000, 0x03a80000, 0x0c320000)
  from space 17472K,   0% used [0x0c320000, 0x0c320000, 0x0d430000)
  to   space 17472K,   0% used [0x0d430000, 0x0d430000, 0x0e540000)
 tenured generation   total 349568K, used 41342K [0x18fd0000, 0x2e530000, 0x43a80000)
   the space 349568K,  11% used [0x18fd0000, 0x1b82fa78, 0x1b82fc00, 0x2e530000)
 compacting perm gen  total 36864K, used 36863K [0x43a80000, 0x45e80000, 0x53a80000)
   the space 36864K,  99% used [0x43a80000, 0x45e7ffd0, 0x45e80000, 0x45e80000)
No shared spaces configured.
}
Event: 9.303 GC heap before
{Heap before GC invocations=7 (full 6):
 def new generation   total 157376K, used 20295K [0x03a80000, 0x0e540000, 0x18fd0000)
  eden space 139904K,  14% used [0x03a80000, 0x04e51e50, 0x0c320000)
  from space 17472K,   0% used [0x0c320000, 0x0c320000, 0x0d430000)
  to   space 17472K,   0% used [0x0d430000, 0x0d430000, 0x0e540000)
 tenured generation   total 349568K, used 41342K [0x18fd0000, 0x2e530000, 0x43a80000)
   the space 349568K,  11% used [0x18fd0000, 0x1b82fa78, 0x1b82fc00, 0x2e530000)
 compacting perm gen  total 40960K, used 40959K [0x43a80000, 0x46280000, 0x53a80000)
   the space 40960K,  99% used [0x43a80000, 0x4627fc80, 0x4627fe00, 0x46280000)
No shared spaces configured.
Event: 9.505 GC heap after
Heap after GC invocations=8 (full 7):
 def new generation   total 157376K, used 0K [0x03a80000, 0x0e540000, 0x18fd0000)
  eden space 139904K,   0% used [0x03a80000, 0x03a80000, 0x0c320000)
  from space 17472K,   0% used [0x0c320000, 0x0c320000, 0x0d430000)
  to   space 17472K,   0% used [0x0d430000, 0x0d430000, 0x0e540000)
 tenured generation   total 349568K, used 46413K [0x18fd0000, 0x2e530000, 0x43a80000)
   the space 349568K,  13% used [0x18fd0000, 0x1bd23598, 0x1bd23600, 0x2e530000)
 compacting perm gen  total 40960K, used 40959K [0x43a80000, 0x46280000, 0x53a80000)
   the space 40960K,  99% used [0x43a80000, 0x4627fc80, 0x4627fe00, 0x46280000)
No shared spaces configured.
}
Event: 10.588 GC heap before
{Heap before GC invocations=8 (full 7):
 def new generation   total 157376K, used 76664K [0x03a80000, 0x0e540000, 0x18fd0000)
  eden space 139904K,  54% used [0x03a80000, 0x0855e380, 0x0c320000)
  from space 17472K,   0% used [0x0c320000, 0x0c320000, 0x0d430000)
  to   space 17472K,   0% used [0x0d430000, 0x0d430000, 0x0e540000)
 tenured generation   total 349568K, used 46413K [0x18fd0000, 0x2e530000, 0x43a80000)
   the space 349568K,  13% used [0x18fd0000, 0x1bd23598, 0x1bd23600, 0x2e530000)
 compacting perm gen  total 45056K, used 45052K [0x43a80000, 0x46680000, 0x53a80000)
   the space 45056K,  99% used [0x43a80000, 0x4667f2e0, 0x4667f400, 0x46680000)
No shared spaces configured.
Event: 10.995 GC heap after
Heap after GC invocations=9 (full 8):
 def new generation   total 157376K, used 0K [0x03a80000, 0x0e540000, 0x18fd0000)
  eden space 139904K,   0% used [0x03a80000, 0x03a80000, 0x0c320000)
  from space 17472K,   0% used [0x0c320000, 0x0c320000, 0x0d430000)
  to   space 17472K,   0% used [0x0d430000, 0x0d430000, 0x0e540000)
 tenured generation   total 349568K, used 64375K [0x18fd0000, 0x2e530000, 0x43a80000)
   the space 349568K,  18% used [0x18fd0000, 0x1ceadcb0, 0x1ceade00, 0x2e530000)
 compacting perm gen  total 45056K, used 45008K [0x43a80000, 0x46680000, 0x53a80000)
   the space 45056K,  99% used [0x43a80000, 0x46674250, 0x46674400, 0x46680000)
No shared spaces configured.
}
Event: 12.264 GC heap before
{Heap before GC invocations=9 (full 8):
 def new generation   total 157376K, used 43632K [0x03a80000, 0x0e540000, 0x18fd0000)
  eden space 139904K,  31% used [0x03a80000, 0x0651c1a8, 0x0c320000)
  from space 17472K,   0% used [0x0c320000, 0x0c320000, 0x0d430000)
  to   space 17472K,   0% used [0x0d430000, 0x0d430000, 0x0e540000)
 tenured generation   total 349568K, used 64375K [0x18fd0000, 0x2e530000, 0x43a80000)
   the space 349568K,  18% used [0x18fd0000, 0x1ceadcb0, 0x1ceade00, 0x2e530000)
 compacting perm gen  total 49152K, used 49151K [0x43a80000, 0x46a80000, 0x53a80000)
   the space 49152K,  99% used [0x43a80000, 0x46a7fe90, 0x46a80000, 0x46a80000)
No shared spaces configured.
Event: 12.607 GC heap after
Heap after GC invocations=10 (full 9):
 def new generation   total 157376K, used 0K [0x03a80000, 0x0e540000, 0x18fd0000)
  eden space 139904K,   0% used [0x03a80000, 0x03a80000, 0x0c320000)
  from space 17472K,   0% used [0x0c320000, 0x0c320000, 0x0d430000)
  to   space 17472K,   0% used [0x0d430000, 0x0d430000, 0x0e540000)
 tenured generation   total 349568K, used 76280K [0x18fd0000, 0x2e530000, 0x43a80000)
   the space 349568K,  21% used [0x18fd0000, 0x1da4e388, 0x1da4e400, 0x2e530000)
 compacting perm gen  total 49152K, used 49151K [0x43a80000, 0x46a80000, 0x53a80000)
   the space 49152K,  99% used [0x43a80000, 0x46a7fe90, 0x46a80000, 0x46a80000)
No shared spaces configured.
}

Deoptimization events (0 events):
No events

Internal exceptions (10 events):
Event: 13.855 Thread 0x582ef800 Threw 0x05fd2c20 at C:\jdk7u5_32P\jdk7u5\hotspot\src\share\vm\prims\jvm.cpp:1166
Event: 13.855 Thread 0x582ef800 Threw 0x05fd32d8 at C:\jdk7u5_32P\jdk7u5\hotspot\src\share\vm\prims\jvm.cpp:1166
Event: 13.855 Thread 0x582ef800 Threw 0x05fd3ba0 at C:\jdk7u5_32P\jdk7u5\hotspot\src\share\vm\prims\jvm.cpp:1166
Event: 13.855 Thread 0x582ef800 Threw 0x05fd46a8 at C:\jdk7u5_32P\jdk7u5\hotspot\src\share\vm\prims\jvm.cpp:1166
Event: 13.856 Thread 0x582ef800 Threw 0x05fd8120 at C:\jdk7u5_32P\jdk7u5\hotspot\src\share\vm\prims\jvm.cpp:1166
Event: 13.883 Thread 0x582ef800 Threw 0x0605ba08 at C:\jdk7u5_32P\jdk7u5\hotspot\src\share\vm\prims\jvm.cpp:1166
Event: 13.883 Thread 0x582ef800 Threw 0x0605c020 at C:\jdk7u5_32P\jdk7u5\hotspot\src\share\vm\prims\jvm.cpp:1166
Event: 13.883 Thread 0x582ef800 Threw 0x0605c848 at C:\jdk7u5_32P\jdk7u5\hotspot\src\share\vm\prims\jvm.cpp:1166
Event: 13.883 Thread 0x582ef800 Threw 0x0605d190 at C:\jdk7u5_32P\jdk7u5\hotspot\src\share\vm\prims\jvm.cpp:1166
Event: 13.883 Thread 0x582ef800 Threw 0x0605fde8 at C:\jdk7u5_32P\jdk7u5\hotspot\src\share\vm\prims\jvm.cpp:1166

Events (10 events):
Event: 13.848 loading class 0x58a226e8
Event: 13.848 loading class 0x58a226e8 done
Event: 13.853 loading class 0x58d65680
Event: 13.853 loading class 0x58d65680 done
Event: 13.854 loading class 0x58d656d0
Event: 13.854 loading class 0x58d656d0 done
Event: 13.855 loading class 0x58a6e2b8
Event: 13.855 loading class 0x58a6e2b8 done
Event: 13.883 loading class 0x58a41d28
Event: 13.883 loading class 0x58a41d28 done


Dynamic libraries:
0x01320000 - 0x0134f000 	C:\Windows\system32\java.exe
0x77880000 - 0x779bc000 	C:\Windows\SYSTEM32\ntdll.dll
0x763f0000 - 0x764c4000 	C:\Windows\system32\kernel32.dll
0x75ba0000 - 0x75beb000 	C:\Windows\system32\KERNELBASE.dll
0x777e0000 - 0x77880000 	C:\Windows\system32\ADVAPI32.dll
0x76330000 - 0x763dc000 	C:\Windows\system32\msvcrt.dll
0x76170000 - 0x76189000 	C:\Windows\SYSTEM32\sechost.dll
0x75f20000 - 0x75fc1000 	C:\Windows\system32\RPCRT4.dll
0x764d0000 - 0x76599000 	C:\Windows\system32\USER32.dll
0x765a0000 - 0x765ee000 	C:\Windows\system32\GDI32.dll
0x76650000 - 0x7665a000 	C:\Windows\system32\LPK.dll
0x76290000 - 0x7632d000 	C:\Windows\system32\USP10.dll
0x746d0000 - 0x7486e000 	C:\Windows\WinSxS\x86_microsoft.windows.common-controls_6595b64144ccf1df_6.0.7601.17514_none_41e6975e2bd6f2b2\COMCTL32.dll
0x765f0000 - 0x76647000 	C:\Windows\system32\SHLWAPI.dll
0x77a90000 - 0x77aaf000 	C:\Windows\system32\IMM32.DLL
0x75e50000 - 0x75f1c000 	C:\Windows\system32\MSCTF.dll
0x6a880000 - 0x6a93e000 	C:\Program Files\Java\jre7\bin\msvcr100.dll
0x6a2a0000 - 0x6a5ea000 	C:\Program Files\Java\jre7\bin\client\jvm.dll
0x715c0000 - 0x715c7000 	C:\Windows\system32\WSOCK32.dll
0x77a50000 - 0x77a85000 	C:\Windows\system32\WS2_32.dll
0x763e0000 - 0x763e6000 	C:\Windows\system32\NSI.dll
0x73ac0000 - 0x73af2000 	C:\Windows\system32\WINMM.dll
0x77a40000 - 0x77a45000 	C:\Windows\system32\PSAPI.DLL
0x6cbc0000 - 0x6cbcc000 	C:\Program Files\Java\jre7\bin\verify.dll
0x6aa20000 - 0x6aa40000 	C:\Program Files\Java\jre7\bin\java.dll
0x6aa40000 - 0x6aa53000 	C:\Program Files\Java\jre7\bin\zip.dll
0x6a9e0000 - 0x6a9f4000 	C:\Program Files\Java\jre7\bin\net.dll
0x607b0000 - 0x607d2000 	C:\Program Files\Common Files\NSL\nslsp.dll
0x74ef0000 - 0x74ef9000 	C:\Windows\system32\VERSION.dll
0x75410000 - 0x7544c000 	C:\Windows\system32\mswsock.dll
0x75400000 - 0x75406000 	C:\Windows\System32\wship6.dll
0x6cc60000 - 0x6cc6f000 	C:\Program Files\Java\jre7\bin\nio.dll
0x01210000 - 0x01218000 	C:\Users\Norozi\AppData\Local\Temp\jline_0_12_2.dll
0x75450000 - 0x75466000 	C:\Windows\system32\CRYPTSP.dll
0x751f0000 - 0x7522b000 	C:\Windows\system32\rsaenh.dll
0x75030000 - 0x75047000 	C:\Windows\system32\USERENV.dll
0x759d0000 - 0x759db000 	C:\Windows\system32\profapi.dll
0x75950000 - 0x7595c000 	C:\Windows\system32\CRYPTBASE.dll
0x739d0000 - 0x739e0000 	C:\Windows\system32\NLAapi.dll
0x74f70000 - 0x74f80000 	C:\Windows\system32\napinsp.dll
0x70240000 - 0x70252000 	C:\Windows\system32\pnrpnsp.dll
0x752d0000 - 0x75314000 	C:\Windows\system32\DNSAPI.dll
0x71310000 - 0x71318000 	C:\Windows\System32\winrnr.dll
0x01780000 - 0x017bb000 	C:\Windows\system32\nlsp.dll
0x774b0000 - 0x774b3000 	C:\Windows\system32\Normaliz.dll
0x74ee0000 - 0x74ee5000 	C:\Windows\System32\wshtcpip.dll
0x73260000 - 0x7327c000 	C:\Windows\system32\IPHLPAPI.DLL
0x73250000 - 0x73257000 	C:\Windows\system32\WINNSI.DLL
0x70230000 - 0x70236000 	C:\Windows\system32\rasadhlp.dll
0x73150000 - 0x73188000 	C:\Windows\System32\fwpuclnt.dll
0x67540000 - 0x67610000 	C:\lastVerison\target\native_libraries\32bits\jnotify.dll
0x73d20000 - 0x73e0b000 	C:\Windows\system32\dbghelp.dll

VM Arguments:
jvm_args: -Xms512M -Xmx1024M -Xss1M -XX:+CMSClassUnloadingEnabled -XX:MaxPermSize=256M -Dfile.encoding=UTF-8 -Dplay.version=2.1.0 -Dsbt.ivy.home=C:\play\framework\..\repository -Dplay.home=C:\play\framework\. -Dsbt.boot.properties=file:///C:/play/framework/sbt/sbt.boot.properties 
java_command: C:\play\framework\sbt\sbt-launch.jar run
Launcher Type: SUN_STANDARD

Environment Variables:
PATH=C:\Windows\system32;C:\Windows;C:\Windows\System32\Wbem;C:\Windows\System32\WindowsPowerShell\v1.0\;C:\Program Files\Java\jdk1.7.0_05\bin;C:\Program Files\Git\cmd;C:\play;
USERNAME=Norozi
OS=Windows_NT
PROCESSOR_IDENTIFIER=x86 Family 6 Model 15 Stepping 11, GenuineIntel



---------------  S Y S T E M  ---------------

OS: Windows 7 Build 7601 Service Pack 1

CPU:total 2 (2 cores per cpu, 1 threads per core) family 6 model 15 stepping 11, cmov, cx8, fxsr, mmx, sse, sse2, sse3, ssse3, tsc

Memory: 4k page, physical 2086884k(570536k free), swap 4173768k(2126440k free)

vm_info: Java HotSpot(TM) Client VM (23.1-b03) for windows-x86 JRE (1.7.0_05-b06), built on Jun 27 2012 00:51:27 by "java_re" with unknown MS VC++:1600

time: Sun Jun 23 18:15:26 2013
elapsed time: 13 seconds

