#
# A fatal error has been detected by the Java Runtime Environment:
#
#  EXCEPTION_ACCESS_VIOLATION (0xc0000005) at pc=0x6a311fd1, pid=3880, tid=2700
#
# JRE version: 7.0_05-b06
# Java VM: Java HotSpot(TM) Client VM (23.1-b03 mixed mode windows-x86 )
# Problematic frame:
# V  [jvm.dll+0x71fd1]
#
# Failed to write core dump. Minidumps are not enabled by default on client versions of Windows
#
# If you would like to submit a bug report, please visit:
#   http://bugreport.sun.com/bugreport/crash.jsp
#

---------------  T H R E A D  ---------------

Current thread (0x016a7800):  VMThread [stack: 0x55c40000,0x55c90000] [id=2700]

siginfo: ExceptionCode=0xc0000005, reading address 0x00000000

Registers:
EAX=0x1c288968, EBX=0x55c8f424, ECX=0x00000000, EDX=0x00000000
ESP=0x55c8f37c, EBP=0x55c8f388, ESI=0x00000000, EDI=0x190032b8
EIP=0x6a311fd1, EFLAGS=0x00010293

Top of Stack: (sp=0x55c8f37c)
0x55c8f37c:   00000001 003ae934 1c288968 55c8f390
0x55c8f38c:   6a30b2ad 55c8f39c 6a30b393 015c6390
0x55c8f39c:   55c8f3b0 6a30b728 55c8f3ac 00000001
0x55c8f3ac:   6a5225d4 55c8f3b8 6a30c730 55c8f3d4
0x55c8f3bc:   6a308cfb 003ac6e0 015c6858 003ae8d8
0x55c8f3cc:   015c1a00 003ae8d8 55c8f428 6a30ca27
0x55c8f3dc:   55c8f424 00000001 00000001 003ae8d8
0x55c8f3ec:   6a010100 00000001 00000000 00000000 

Instructions: (pc=0x6a311fd1)
0x6a311fb1:   8b 37 80 3d fd a1 58 6a 00 74 0e 8b ce 83 e1 07
0x6a311fc1:   80 f9 05 75 04 33 f6 eb 03 83 e6 fc 3b f0 73 41
0x6a311fd1:   8b 16 83 e2 03 80 fa 03 75 17 8b 4e 04 8b 41 08
0x6a311fe1:   8b 50 68 83 c1 08 56 ff d2 8d 34 86 8b 45 fc eb 


Register to memory mapping:

EAX=0x1c288968 is an unallocated location in the heap
EBX=0x55c8f424 is an unknown value
ECX=0x00000000 is an unknown value
EDX=0x00000000 is an unknown value
ESP=0x55c8f37c is an unknown value
EBP=0x55c8f388 is an unknown value
ESI=0x00000000 is an unknown value
EDI=
[error occurred during error reporting (printing register info), id 0xc0000005]

Stack: [0x55c40000,0x55c90000],  sp=0x55c8f37c,  free space=316k
Native frames: (J=compiled Java code, j=interpreted, Vv=VM code, C=native code)
V  [jvm.dll+0x71fd1]
V  [jvm.dll+0x6b2ad]
V  [jvm.dll+0x6b393]
V  [jvm.dll+0x6b728]
V  [jvm.dll+0x6c730]
V  [jvm.dll+0x68cfb]
V  [jvm.dll+0x6ca27]
V  [jvm.dll+0x6cc9b]
V  [jvm.dll+0x6b807]
V  [jvm.dll+0x72ff3]
V  [jvm.dll+0x6a3e2]
V  [jvm.dll+0x6a7ce]
V  [jvm.dll+0x176698]
V  [jvm.dll+0x14e795]
V  [jvm.dll+0x14d91e]
V  [jvm.dll+0x14dca7]
V  [jvm.dll+0x14e172]
V  [jvm.dll+0x17e049]
C  [msvcr100.dll+0x5c6de]  endthreadex+0x3a
C  [msvcr100.dll+0x5c788]  endthreadex+0xe4
C  [kernel32.dll+0x4ed6c]  BaseThreadInitThunk+0x12
C  [ntdll.dll+0x637f5]  RtlInitializeExceptionChain+0xef
C  [ntdll.dll+0x637c8]  RtlInitializeExceptionChain+0xc2

VM_Operation (0x5b87cf40): GenCollectForPermanentAllocation, mode: safepoint, requested by thread 0x58c0e800


---------------  P R O C E S S  ---------------

Java Threads: ( => current thread )
  0x58c0e800 JavaThread "Unknown thread" [_thread_blocked, id=192, stack(0x5b780000,0x5b880000)]
  0x58c11400 JavaThread "Unknown thread" [_thread_blocked, id=3640, stack(0x5ad20000,0x5ae20000)]
  0x58c10000 JavaThread "Unknown thread" [_thread_blocked, id=1780, stack(0x5b450000,0x5b550000)]
  0x58c11000 
[error occurred during error reporting (printing all threads), id 0xc0000005]

VM state:at safepoint (normal execution)

VM Mutex/Monitor currently owned by a thread:  ([mutex/lock_event])
[0x003a9340] Threads_lock - owner thread: 0x016a7800
[0x003a9750] Heap_lock - owner thread: 0x58c0e800

Heap
 def new generation   total 157440K, used 24776K [0x03980000, 0x0e450000, 0x18ed0000)
  eden space 139968K,  17% used [0x03980000, 0x051b2340, 0x0c230000)
  from space 17472K,   0% used [0x0d340000, 0x0d340000, 0x0e450000)
  to   space 17472K,   0% used [0x0c230000, 0x0c230000, 0x0d340000)
 tenured generation   total 349568K, used 52962K [0x18ed0000, 0x2e430000, 0x43980000)
   the space 349568K,  15% used [0x18ed0000, 0x1c288968, 0x1b529400, 0x2e430000)
 compacting perm gen  total 75520K, used 75519K [0x43980000, 0x48340000, 0x53980000)
   the space 75520K,  99% used [0x43980000, 0x4833fff0, 0x474fc400, 0x48340000)
No shared spaces configured.

Code Cache  [0x01980000, 0x021b0000, 0x03980000)
 total_blobs=6430 nmethods=6147 adapters=214 free_code_cache=24441Kb largest_free_block=24984320

Compilation events (10 events):
Event: 4390.080 Thread 0x55f8d000 6218             scala.collection.mutable.FlatHashTable$$anon$1::i_$eq (6 bytes)
Event: 4390.080 Thread 0x55f8d000 nmethod 6218 0x01ff2388 code [0x01ff2480, 0x01ff2500]
Event: 4390.081 Thread 0x55f8d000 6219             scala.tools.nsc.settings.MutableSettings$Setting::name (5 bytes)
Event: 4390.081 Thread 0x55f8d000 nmethod 6219 0x01ff21c8 code [0x01ff22c0, 0x01ff2340]
Event: 4390.082 Thread 0x55f8d000 6220             scala.runtime.BoxesRunTime::boxToBoolean (5 bytes)
Event: 4390.082 Thread 0x55f8d000 nmethod 6220 0x01ff2008 code [0x01ff2100, 0x01ff2180]
Event: 4390.083 Thread 0x55f8d000 6221             scala.runtime.BoxesRunTime::unboxToBoolean (16 bytes)
Event: 4390.083 Thread 0x55f8d000 nmethod 6221 0x01ff1dc8 code [0x01ff1ec0, 0x01ff1f70]
Event: 4390.083 Thread 0x55f8d000 6222             scala.collection.mutable.HashSet::tableSize (5 bytes)
Event: 4390.083 Thread 0x55f8d000 nmethod 6222 0x01ff1c08 code [0x01ff1d00, 0x01ff1d80]

GC Heap History (10 events):
Event: 3167.473 GC heap after
Heap after GC invocations=14 (full 12):
 def new generation   total 157440K, used 0K [0x03980000, 0x0e450000, 0x18ed0000)
  eden space 139968K,   0% used [0x03980000, 0x03980000, 0x0c230000)
  from space 17472K,   0% used [0x0c230000, 0x0c230000, 0x0d340000)
  to   space 17472K,   0% used [0x0d340000, 0x0d340000, 0x0e450000)
 tenured generation   total 349568K, used 38943K [0x18ed0000, 0x2e430000, 0x43980000)
   the space 349568K,  11% used [0x18ed0000, 0x1b4d7f48, 0x1b4d8000, 0x2e430000)
 compacting perm gen  total 61184K, used 61122K [0x43980000, 0x47540000, 0x53980000)
   the space 61184K,  99% used [0x43980000, 0x475309a8, 0x47530a00, 0x47540000)
No shared spaces configured.
}
Event: 3169.414 GC heap before
{Heap before GC invocations=14 (full 12):
 def new generation   total 157440K, used 77622K [0x03980000, 0x0e450000, 0x18ed0000)
  eden space 139968K,  55% used [0x03980000, 0x0854d8a8, 0x0c230000)
  from space 17472K,   0% used [0x0c230000, 0x0c230000, 0x0d340000)
  to   space 17472K,   0% used [0x0d340000, 0x0d340000, 0x0e450000)
 tenured generation   total 349568K, used 38943K [0x18ed0000, 0x2e430000, 0x43980000)
   the space 349568K,  11% used [0x18ed0000, 0x1b4d7f48, 0x1b4d8000, 0x2e430000)
 compacting perm gen  total 65280K, used 65279K [0x43980000, 0x47940000, 0x53980000)
   the space 65280K,  99% used [0x43980000, 0x4793fe08, 0x47940000, 0x47940000)
No shared spaces configured.
Event: 3169.863 GC heap after
Heap after GC invocations=15 (full 13):
 def new generation   total 157440K, used 0K [0x03980000, 0x0e450000, 0x18ed0000)
  eden space 139968K,   0% used [0x03980000, 0x03980000, 0x0c230000)
  from space 17472K,   0% used [0x0c230000, 0x0c230000, 0x0d340000)
  to   space 17472K,   0% used [0x0d340000, 0x0d340000, 0x0e450000)
 tenured generation   total 349568K, used 73956K [0x18ed0000, 0x2e430000, 0x43980000)
   the space 349568K,  21% used [0x18ed0000, 0x1d709360, 0x1d709400, 0x2e430000)
 compacting perm gen  total 65280K, used 65279K [0x43980000, 0x47940000, 0x53980000)
   the space 65280K,  99% used [0x43980000, 0x4793fe08, 0x47940000, 0x47940000)
No shared spaces configured.
}
Event: 3172.308 GC heap before
{Heap before GC invocations=15 (full 13):
 def new generation   total 157440K, used 54288K [0x03980000, 0x0e450000, 0x18ed0000)
  eden space 139968K,  38% used [0x03980000, 0x06e84078, 0x0c230000)
  from space 17472K,   0% used [0x0c230000, 0x0c230000, 0x0d340000)
  to   space 17472K,   0% used [0x0d340000, 0x0d340000, 0x0e450000)
 tenured generation   total 349568K, used 73956K [0x18ed0000, 0x2e430000, 0x43980000)
   the space 349568K,  21% used [0x18ed0000, 0x1d709360, 0x1d709400, 0x2e430000)
 compacting perm gen  total 69376K, used 69375K [0x43980000, 0x47d40000, 0x53980000)
   the space 69376K,  99% used [0x43980000, 0x47d3fdc8, 0x47d3fe00, 0x47d40000)
No shared spaces configured.
Event: 3172.744 GC heap after
Heap after GC invocations=16 (full 14):
 def new generation   total 157440K, used 0K [0x03980000, 0x0e450000, 0x18ed0000)
  eden space 139968K,   0% used [0x03980000, 0x03980000, 0x0c230000)
  from space 17472K,   0% used [0x0c230000, 0x0c230000, 0x0d340000)
  to   space 17472K,   0% used [0x0d340000, 0x0d340000, 0x0e450000)
 tenured generation   total 349568K, used 88455K [0x18ed0000, 0x2e430000, 0x43980000)
   the space 349568K,  25% used [0x18ed0000, 0x1e531db0, 0x1e531e00, 0x2e430000)
 compacting perm gen  total 69376K, used 69375K [0x43980000, 0x47d40000, 0x53980000)
   the space 69376K,  99% used [0x43980000, 0x47d3fdc8, 0x47d3fe00, 0x47d40000)
No shared spaces configured.
}
Event: 4389.138 GC heap before
{Heap before GC invocations=16 (full 14):
 def new generation   total 157440K, used 139968K [0x03980000, 0x0e450000, 0x18ed0000)
  eden space 139968K, 100% used [0x03980000, 0x0c230000, 0x0c230000)
  from space 17472K,   0% used [0x0c230000, 0x0c230000, 0x0d340000)
  to   space 17472K,   0% used [0x0d340000, 0x0d340000, 0x0e450000)
 tenured generation   total 349568K, used 88455K [0x18ed0000, 0x2e430000, 0x43980000)
   the space 349568K,  25% used [0x18ed0000, 0x1e531db0, 0x1e531e00, 0x2e430000)
 compacting perm gen  total 72448K, used 72320K [0x43980000, 0x48040000, 0x53980000)
   the space 72448K,  99% used [0x43980000, 0x48020090, 0x48020200, 0x48040000)
No shared spaces configured.
Event: 4389.182 GC heap after
Heap after GC invocations=17 (full 14):
 def new generation   total 157440K, used 11000K [0x03980000, 0x0e450000, 0x18ed0000)
  eden space 139968K,   0% used [0x03980000, 0x03980000, 0x0c230000)
  from space 17472K,  62% used [0x0d340000, 0x0ddfe1f0, 0x0e450000)
  to   space 17472K,   0% used [0x0c230000, 0x0c230000, 0x0d340000)
 tenured generation   total 349568K, used 88455K [0x18ed0000, 0x2e430000, 0x43980000)
   the space 349568K,  25% used [0x18ed0000, 0x1e531db0, 0x1e531e00, 0x2e430000)
 compacting perm gen  total 72448K, used 72320K [0x43980000, 0x48040000, 0x53980000)
   the space 72448K,  99% used [0x43980000, 0x48020090, 0x48020200, 0x48040000)
No shared spaces configured.
}
Event: 4389.418 GC heap before
{Heap before GC invocations=17 (full 14):
 def new generation   total 157440K, used 24033K [0x03980000, 0x0e450000, 0x18ed0000)
  eden space 139968K,   9% used [0x03980000, 0x0463a408, 0x0c230000)
  from space 17472K,  62% used [0x0d340000, 0x0ddfe1f0, 0x0e450000)
  to   space 17472K,   0% used [0x0c230000, 0x0c230000, 0x0d340000)
 tenured generation   total 349568K, used 88455K [0x18ed0000, 0x2e430000, 0x43980000)
   the space 349568K,  25% used [0x18ed0000, 0x1e531db0, 0x1e531e00, 0x2e430000)
 compacting perm gen  total 73472K, used 73470K [0x43980000, 0x48140000, 0x53980000)
   the space 73472K,  99% used [0x43980000, 0x4813f930, 0x4813fa00, 0x48140000)
No shared spaces configured.
Event: 4389.748 GC heap after
Heap after GC invocations=18 (full 15):
 def new generation   total 157440K, used 0K [0x03980000, 0x0e450000, 0x18ed0000)
  eden space 139968K,   0% used [0x03980000, 0x03980000, 0x0c230000)
  from space 17472K,   0% used [0x0d340000, 0x0d340000, 0x0e450000)
  to   space 17472K,   0% used [0x0c230000, 0x0c230000, 0x0d340000)
 tenured generation   total 349568K, used 52962K [0x18ed0000, 0x2e430000, 0x43980000)
   the space 349568K,  15% used [0x18ed0000, 0x1c288968, 0x1c288a00, 0x2e430000)
 compacting perm gen  total 71424K, used 71259K [0x43980000, 0x47f40000, 0x53980000)
   the space 71424K,  99% used [0x43980000, 0x47f16e90, 0x47f17000, 0x47f40000)
No shared spaces configured.
}
Event: 4390.299 GC heap before
{Heap before GC invocations=18 (full 15):
 def new generation   total 157440K, used 24776K [0x03980000, 0x0e450000, 0x18ed0000)
  eden space 139968K,  17% used [0x03980000, 0x051b2340, 0x0c230000)
  from space 17472K,   0% used [0x0d340000, 0x0d340000, 0x0e450000)
  to   space 17472K,   0% used [0x0c230000, 0x0c230000, 0x0d340000)
 tenured generation   total 349568K, used 52962K [0x18ed0000, 0x2e430000, 0x43980000)
   the space 349568K,  15% used [0x18ed0000, 0x1c288968, 0x1c288a00, 0x2e430000)
 compacting perm gen  total 75520K, used 75519K [0x43980000, 0x48340000, 0x53980000)
   the space 75520K,  99% used [0x43980000, 0x4833fff0, 0x48340000, 0x48340000)
No shared spaces configured.

Deoptimization events (0 events):
No events

Internal exceptions (10 events):
Event: 4390.291 Thread 0x58c0e800 Threw 0x050fb098 at C:\jdk7u5_32P\jdk7u5\hotspot\src\share\vm\prims\jvm.cpp:1166
Event: 4390.292 Thread 0x58c0e800 Threw 0x050fd1b8 at C:\jdk7u5_32P\jdk7u5\hotspot\src\share\vm\prims\jvm.cpp:1166
Event: 4390.292 Thread 0x58c0e800 Threw 0x050ff490 at C:\jdk7u5_32P\jdk7u5\hotspot\src\share\vm\prims\jvm.cpp:1166
Event: 4390.292 Thread 0x58c0e800 Threw 0x05103268 at C:\jdk7u5_32P\jdk7u5\hotspot\src\share\vm\prims\jvm.cpp:1166
Event: 4390.293 Thread 0x58c0e800 Threw 0x051072c8 at C:\jdk7u5_32P\jdk7u5\hotspot\src\share\vm\prims\jvm.cpp:1166
Event: 4390.297 Thread 0x58c0e800 Threw 0x0512f098 at C:\jdk7u5_32P\jdk7u5\hotspot\src\share\vm\prims\jvm.cpp:1166
Event: 4390.297 Thread 0x58c0e800 Threw 0x05132a00 at C:\jdk7u5_32P\jdk7u5\hotspot\src\share\vm\prims\jvm.cpp:1166
Event: 4390.298 Thread 0x58c0e800 Threw 0x05138620 at C:\jdk7u5_32P\jdk7u5\hotspot\src\share\vm\prims\jvm.cpp:1166
Event: 4390.298 Thread 0x58c0e800 Threw 0x0513b530 at C:\jdk7u5_32P\jdk7u5\hotspot\src\share\vm\prims\jvm.cpp:1166
Event: 4390.299 Thread 0x58c0e800 Threw 0x05140508 at C:\jdk7u5_32P\jdk7u5\hotspot\src\share\vm\prims\jvm.cpp:1166

Events (10 events):
Event: 4389.332 loading class 0x5cdfe0f8 done
Event: 4389.418 Executing VM operation: GenCollectForPermanentAllocation
Event: 4389.748 Executing VM operation: GenCollectForPermanentAllocation done
Event: 4390.062 loading class 0x58e2b468
Event: 4390.062 loading class 0x58e2b468 done
Event: 4390.084 loading class 0x5d20c388
Event: 4390.084 loading class 0x5d20c388 done
Event: 4390.225 loading class 0x5ce0d8a0
Event: 4390.225 loading class 0x5ce0d8a0 done
Event: 4390.299 Executing VM operation: GenCollectForPermanentAllocation


Dynamic libraries:
0x00050000 - 0x0007f000 	C:\Windows\system32\java.exe
0x77880000 - 0x779bc000 	C:\Windows\SYSTEM32\ntdll.dll
0x763f0000 - 0x764c4000 	C:\Windows\system32\kernel32.dll
0x75ba0000 - 0x75beb000 	C:\Windows\system32\KERNELBASE.dll
0x777e0000 - 0x77880000 	C:\Windows\system32\ADVAPI32.dll
0x76330000 - 0x763dc000 	C:\Windows\system32\msvcrt.dll
0x76170000 - 0x76189000 	C:\Windows\SYSTEM32\sechost.dll
0x75f20000 - 0x75fc1000 	C:\Windows\system32\RPCRT4.dll
0x764d0000 - 0x76599000 	C:\Windows\system32\USER32.dll
0x765a0000 - 0x765ee000 	C:\Windows\system32\GDI32.dll
0x76650000 - 0x7665a000 	C:\Windows\system32\LPK.dll
0x76290000 - 0x7632d000 	C:\Windows\system32\USP10.dll
0x746d0000 - 0x7486e000 	C:\Windows\WinSxS\x86_microsoft.windows.common-controls_6595b64144ccf1df_6.0.7601.17514_none_41e6975e2bd6f2b2\COMCTL32.dll
0x765f0000 - 0x76647000 	C:\Windows\system32\SHLWAPI.dll
0x77a90000 - 0x77aaf000 	C:\Windows\system32\IMM32.DLL
0x75e50000 - 0x75f1c000 	C:\Windows\system32\MSCTF.dll
0x6a880000 - 0x6a93e000 	C:\Program Files\Java\jre7\bin\msvcr100.dll
0x6a2a0000 - 0x6a5ea000 	C:\Program Files\Java\jre7\bin\client\jvm.dll
0x715c0000 - 0x715c7000 	C:\Windows\system32\WSOCK32.dll
0x77a50000 - 0x77a85000 	C:\Windows\system32\WS2_32.dll
0x763e0000 - 0x763e6000 	C:\Windows\system32\NSI.dll
0x73ac0000 - 0x73af2000 	C:\Windows\system32\WINMM.dll
0x77a40000 - 0x77a45000 	C:\Windows\system32\PSAPI.DLL
0x6cbc0000 - 0x6cbcc000 	C:\Program Files\Java\jre7\bin\verify.dll
0x6aa20000 - 0x6aa40000 	C:\Program Files\Java\jre7\bin\java.dll
0x6aa40000 - 0x6aa53000 	C:\Program Files\Java\jre7\bin\zip.dll
0x6a9e0000 - 0x6a9f4000 	C:\Program Files\Java\jre7\bin\net.dll
0x607b0000 - 0x607d2000 	C:\Program Files\Common Files\NSL\nslsp.dll
0x74ef0000 - 0x74ef9000 	C:\Windows\system32\VERSION.dll
0x75410000 - 0x7544c000 	C:\Windows\system32\mswsock.dll
0x75400000 - 0x75406000 	C:\Windows\System32\wship6.dll
0x6cc60000 - 0x6cc6f000 	C:\Program Files\Java\jre7\bin\nio.dll
0x010f0000 - 0x010f8000 	C:\Users\Norozi\AppData\Local\Temp\jline_0_12_2.dll
0x75450000 - 0x75466000 	C:\Windows\system32\CRYPTSP.dll
0x751f0000 - 0x7522b000 	C:\Windows\system32\rsaenh.dll
0x75030000 - 0x75047000 	C:\Windows\system32\USERENV.dll
0x759d0000 - 0x759db000 	C:\Windows\system32\profapi.dll
0x75950000 - 0x7595c000 	C:\Windows\system32\CRYPTBASE.dll
0x739d0000 - 0x739e0000 	C:\Windows\system32\NLAapi.dll
0x74f70000 - 0x74f80000 	C:\Windows\system32\napinsp.dll
0x70240000 - 0x70252000 	C:\Windows\system32\pnrpnsp.dll
0x752d0000 - 0x75314000 	C:\Windows\system32\DNSAPI.dll
0x71310000 - 0x71318000 	C:\Windows\System32\winrnr.dll
0x017e0000 - 0x0181b000 	C:\Windows\system32\nlsp.dll
0x774b0000 - 0x774b3000 	C:\Windows\system32\Normaliz.dll
0x74ee0000 - 0x74ee5000 	C:\Windows\System32\wshtcpip.dll
0x73260000 - 0x7327c000 	C:\Windows\system32\IPHLPAPI.DLL
0x73250000 - 0x73257000 	C:\Windows\system32\WINNSI.DLL
0x70230000 - 0x70236000 	C:\Windows\system32\rasadhlp.dll
0x73150000 - 0x73188000 	C:\Windows\System32\fwpuclnt.dll
0x67540000 - 0x67610000 	C:\lastVerison\target\native_libraries\32bits\jnotify.dll
0x758d0000 - 0x7591c000 	C:\Windows\system32\apphelp.dll
0x64fd0000 - 0x65112000 	C:\Program Files\Java\jre7\bin\awt.dll
0x75dc0000 - 0x75e4f000 	C:\Windows\system32\OLEAUT32.dll
0x77680000 - 0x777dc000 	C:\Windows\system32\ole32.dll
0x745e0000 - 0x74620000 	C:\Windows\system32\uxtheme.dll
0x6faf0000 - 0x6faf6000 	C:\Program Files\ESET\ESET Endpoint Antivirus\eplgHooks.dll
0x742f0000 - 0x74303000 	C:\Windows\system32\dwmapi.dll
0x6c0c0000 - 0x6c0ea000 	C:\Program Files\Java\jre7\bin\fontmanager.dll
0x76860000 - 0x774aa000 	C:\Windows\system32\SHELL32.dll
0x6c080000 - 0x6c0b1000 	C:\Program Files\Java\jre7\bin\t2k.dll
0x75d30000 - 0x75db3000 	C:\Windows\system32\CLBCatQ.DLL
0x57900000 - 0x57923000 	C:\Program Files\Babylon\Babylon-Pro\CAPTLIB.DLL
0x73610000 - 0x7364c000 	C:\Windows\system32\OLEACC.dll
0x73d20000 - 0x73e0b000 	C:\Windows\system32\dbghelp.dll

VM Arguments:
jvm_args: -Xms512M -Xmx1024M -Xss1M -XX:+CMSClassUnloadingEnabled -XX:MaxPermSize=256M -Dfile.encoding=UTF-8 -Dplay.version=2.1.0 -Dsbt.ivy.home=C:\play\framework\..\repository -Dplay.home=C:\play\framework\. -Dsbt.boot.properties=file:///C:/play/framework/sbt/sbt.boot.properties 
java_command: C:\play\framework\sbt\sbt-launch.jar run
Launcher Type: SUN_STANDARD

Environment Variables:
PATH=C:\Windows\system32;C:\Windows;C:\Windows\System32\Wbem;C:\Windows\System32\WindowsPowerShell\v1.0\;C:\Program Files\Java\jdk1.7.0_05\bin;C:\Program Files\Git\cmd;C:\play;
USERNAME=Norozi
OS=Windows_NT
PROCESSOR_IDENTIFIER=x86 Family 6 Model 15 Stepping 11, GenuineIntel



---------------  S Y S T E M  ---------------

OS: Windows 7 Build 7601 Service Pack 1

CPU:total 2 (2 cores per cpu, 1 threads per core) family 6 model 15 stepping 11, cmov, cx8, fxsr, mmx, sse, sse2, sse3, ssse3, tsc

Memory: 4k page, physical 2086884k(751536k free), swap 4173768k(1878348k free)

vm_info: Java HotSpot(TM) Client VM (23.1-b03) for windows-x86 JRE (1.7.0_05-b06), built on Jun 27 2012 00:51:27 by "java_re" with unknown MS VC++:1600

time: Sun Jun 23 21:07:13 2013
elapsed time: 4390 seconds

