2013-05-24 23:20:34,060 - [INFO] - from play in main 
Listening for HTTP on /0:0:0:0:0:0:0:0:9000

2013-05-24 23:20:42,806 - [INFO] - from play in New I/O  worker #3 
database [default] connected at jdbc:h2:mem:play

2013-05-24 23:20:43,906 - [ERROR] - from application in New I/O  worker #3 


! @6ecpl58h6 - Internal server error, for (GET) [/users] ->

play.api.db.evolutions.InvalidDatabaseRevision: Database 'default' needs evolution![An SQL script need to be run on your database.]
	at play.api.db.evolutions.EvolutionsPlugin$$anonfun$onStart$1$$anonfun$apply$1.apply$mcV$sp(Evolutions.scala:457) ~[play-jdbc_2.10.jar:2.1.0]
	at play.api.db.evolutions.EvolutionsPlugin.withLock(Evolutions.scala:478) ~[play-jdbc_2.10.jar:2.1.0]
	at play.api.db.evolutions.EvolutionsPlugin$$anonfun$onStart$1.apply(Evolutions.scala:434) ~[play-jdbc_2.10.jar:2.1.0]
	at play.api.db.evolutions.EvolutionsPlugin$$anonfun$onStart$1.apply(Evolutions.scala:432) ~[play-jdbc_2.10.jar:2.1.0]
	at scala.collection.immutable.List.foreach(List.scala:309) ~[scala-library.jar:na]
	at play.api.db.evolutions.EvolutionsPlugin.onStart(Evolutions.scala:432) ~[play-jdbc_2.10.jar:2.1.0]
	at play.api.Play$$anonfun$start$1$$anonfun$apply$mcV$sp$1.apply(Play.scala:63) ~[play_2.10.jar:2.1.0]
	at play.api.Play$$anonfun$start$1$$anonfun$apply$mcV$sp$1.apply(Play.scala:63) ~[play_2.10.jar:2.1.0]
	at scala.collection.immutable.List.foreach(List.scala:309) ~[scala-library.jar:na]
	at play.api.Play$$anonfun$start$1.apply$mcV$sp(Play.scala:63) ~[play_2.10.jar:2.1.0]
	at play.api.Play$$anonfun$start$1.apply(Play.scala:63) ~[play_2.10.jar:2.1.0]
	at play.api.Play$$anonfun$start$1.apply(Play.scala:63) ~[play_2.10.jar:2.1.0]
	at play.utils.Threads$.withContextClassLoader(Threads.scala:18) ~[play_2.10.jar:2.1.0]
	at play.api.Play$.start(Play.scala:62) ~[play_2.10.jar:2.1.0]
	at play.core.ReloadableApplication$$anonfun$get$1$$anonfun$1.apply(ApplicationProvider.scala:133) ~[play_2.10.jar:2.1.0]
	at play.core.ReloadableApplication$$anonfun$get$1$$anonfun$1.apply(ApplicationProvider.scala:106) ~[play_2.10.jar:2.1.0]
	at scala.Option.map(Option.scala:145) ~[scala-library.jar:na]
	at play.core.ReloadableApplication$$anonfun$get$1.apply(ApplicationProvider.scala:106) ~[play_2.10.jar:2.1.0]
	at play.core.ReloadableApplication$$anonfun$get$1.apply(ApplicationProvider.scala:104) ~[play_2.10.jar:2.1.0]
	at scala.util.Either$RightProjection.flatMap(Either.scala:523) [scala-library.jar:na]
	at play.core.ReloadableApplication.get(ApplicationProvider.scala:104) ~[play_2.10.jar:2.1.0]
	at play.core.server.Server$class.sendHandler$1(Server.scala:56) [play_2.10.jar:2.1.0]
	at play.core.server.Server$$anonfun$getHandlerFor$4.apply(Server.scala:88) [play_2.10.jar:2.1.0]
	at play.core.server.Server$$anonfun$getHandlerFor$4.apply(Server.scala:87) [play_2.10.jar:2.1.0]
	at scala.util.Either$RightProjection.flatMap(Either.scala:523) [scala-library.jar:na]
	at play.core.server.Server$class.getHandlerFor(Server.scala:87) [play_2.10.jar:2.1.0]
	at play.core.server.NettyServer.getHandlerFor(NettyServer.scala:34) [play_2.10.jar:2.1.0]
	at play.core.server.netty.PlayDefaultUpstreamHandler.messageReceived(PlayDefaultUpstreamHandler.scala:103) [play_2.10.jar:2.1.0]
	at org.jboss.netty.channel.SimpleChannelUpstreamHandler.handleUpstream(SimpleChannelUpstreamHandler.java:75) [netty.jar:na]
	at org.jboss.netty.channel.DefaultChannelPipeline.sendUpstream(DefaultChannelPipeline.java:565) [netty.jar:na]
	at org.jboss.netty.channel.DefaultChannelPipeline$DefaultChannelHandlerContext.sendUpstream(DefaultChannelPipeline.java:793) [netty.jar:na]
	at org.jboss.netty.handler.codec.http.HttpContentDecoder.messageReceived(HttpContentDecoder.java:104) [netty.jar:na]
	at org.jboss.netty.channel.SimpleChannelUpstreamHandler.handleUpstream(SimpleChannelUpstreamHandler.java:75) [netty.jar:na]
	at org.jboss.netty.channel.DefaultChannelPipeline.sendUpstream(DefaultChannelPipeline.java:565) [netty.jar:na]
	at org.jboss.netty.channel.DefaultChannelPipeline$DefaultChannelHandlerContext.sendUpstream(DefaultChannelPipeline.java:793) [netty.jar:na]
	at org.jboss.netty.channel.Channels.fireMessageReceived(Channels.java:296) [netty.jar:na]
	at org.jboss.netty.handler.codec.frame.FrameDecoder.unfoldAndFireMessageReceived(FrameDecoder.java:455) [netty.jar:na]
	at org.jboss.netty.handler.codec.replay.ReplayingDecoder.callDecode(ReplayingDecoder.java:538) [netty.jar:na]
	at org.jboss.netty.handler.codec.replay.ReplayingDecoder.messageReceived(ReplayingDecoder.java:437) [netty.jar:na]
	at org.jboss.netty.channel.SimpleChannelUpstreamHandler.handleUpstream(SimpleChannelUpstreamHandler.java:75) [netty.jar:na]
	at org.jboss.netty.channel.DefaultChannelPipeline.sendUpstream(DefaultChannelPipeline.java:565) [netty.jar:na]
	at org.jboss.netty.channel.DefaultChannelPipeline.sendUpstream(DefaultChannelPipeline.java:560) [netty.jar:na]
	at org.jboss.netty.channel.Channels.fireMessageReceived(Channels.java:268) [netty.jar:na]
	at org.jboss.netty.channel.Channels.fireMessageReceived(Channels.java:255) [netty.jar:na]
	at org.jboss.netty.channel.socket.nio.NioWorker.read(NioWorker.java:84) [netty.jar:na]
	at org.jboss.netty.channel.socket.nio.AbstractNioWorker.processSelectedKeys(AbstractNioWorker.java:472) [netty.jar:na]
	at org.jboss.netty.channel.socket.nio.AbstractNioWorker.run(AbstractNioWorker.java:333) [netty.jar:na]
	at org.jboss.netty.channel.socket.nio.NioWorker.run(NioWorker.java:35) [netty.jar:na]
	at org.jboss.netty.util.ThreadRenamingRunnable.run(ThreadRenamingRunnable.java:102) [netty.jar:na]
	at org.jboss.netty.util.internal.DeadLockProofWorker$1.run(DeadLockProofWorker.java:42) [netty.jar:na]
	at java.util.concurrent.ThreadPoolExecutor.runWorker(Unknown Source) [na:1.7.0_11]
	at java.util.concurrent.ThreadPoolExecutor$Worker.run(Unknown Source) [na:1.7.0_11]
	at java.lang.Thread.run(Unknown Source) [na:1.7.0_11]

2013-05-24 23:20:49,193 - [INFO] - from play in New I/O  worker #3 
database [default] connected at jdbc:h2:mem:play

2013-05-24 23:20:49,589 - [INFO] - from play in New I/O  worker #3 
Application started (Dev)

2013-05-24 23:22:46,040 - [INFO] - from play in New I/O  worker #3 
database [default] connected at jdbc:h2:mem:play

2013-05-24 23:22:46,130 - [INFO] - from play in New I/O  worker #3 
Application started (Dev)

2013-05-25 01:21:47,741 - [INFO] - from play in New I/O  worker #1 
database [default] connected at jdbc:h2:mem:play

2013-05-25 01:21:47,875 - [ERROR] - from application in New I/O  worker #1 


! @6ed0b2g67 - Internal server error, for (GET) [/users/11?] ->

play.api.db.evolutions.InvalidDatabaseRevision: Database 'default' needs evolution![An SQL script need to be run on your database.]
	at play.api.db.evolutions.EvolutionsPlugin$$anonfun$onStart$1$$anonfun$apply$1.apply$mcV$sp(Evolutions.scala:457) ~[play-jdbc_2.10.jar:2.1.0]
	at play.api.db.evolutions.EvolutionsPlugin.withLock(Evolutions.scala:478) ~[play-jdbc_2.10.jar:2.1.0]
	at play.api.db.evolutions.EvolutionsPlugin$$anonfun$onStart$1.apply(Evolutions.scala:434) ~[play-jdbc_2.10.jar:2.1.0]
	at play.api.db.evolutions.EvolutionsPlugin$$anonfun$onStart$1.apply(Evolutions.scala:432) ~[play-jdbc_2.10.jar:2.1.0]
	at scala.collection.immutable.List.foreach(List.scala:309) ~[scala-library.jar:na]
	at play.api.db.evolutions.EvolutionsPlugin.onStart(Evolutions.scala:432) ~[play-jdbc_2.10.jar:2.1.0]
	at play.api.Play$$anonfun$start$1$$anonfun$apply$mcV$sp$1.apply(Play.scala:63) ~[play_2.10.jar:2.1.0]
	at play.api.Play$$anonfun$start$1$$anonfun$apply$mcV$sp$1.apply(Play.scala:63) ~[play_2.10.jar:2.1.0]
	at scala.collection.immutable.List.foreach(List.scala:309) ~[scala-library.jar:na]
	at play.api.Play$$anonfun$start$1.apply$mcV$sp(Play.scala:63) ~[play_2.10.jar:2.1.0]
	at play.api.Play$$anonfun$start$1.apply(Play.scala:63) ~[play_2.10.jar:2.1.0]
	at play.api.Play$$anonfun$start$1.apply(Play.scala:63) ~[play_2.10.jar:2.1.0]
	at play.utils.Threads$.withContextClassLoader(Threads.scala:18) ~[play_2.10.jar:2.1.0]
	at play.api.Play$.start(Play.scala:62) ~[play_2.10.jar:2.1.0]
	at play.core.ReloadableApplication$$anonfun$get$1$$anonfun$1.apply(ApplicationProvider.scala:133) ~[play_2.10.jar:2.1.0]
	at play.core.ReloadableApplication$$anonfun$get$1$$anonfun$1.apply(ApplicationProvider.scala:106) ~[play_2.10.jar:2.1.0]
	at scala.Option.map(Option.scala:145) ~[scala-library.jar:na]
	at play.core.ReloadableApplication$$anonfun$get$1.apply(ApplicationProvider.scala:106) ~[play_2.10.jar:2.1.0]
	at play.core.ReloadableApplication$$anonfun$get$1.apply(ApplicationProvider.scala:104) ~[play_2.10.jar:2.1.0]
	at scala.util.Either$RightProjection.flatMap(Either.scala:523) [scala-library.jar:na]
	at play.core.ReloadableApplication.get(ApplicationProvider.scala:104) ~[play_2.10.jar:2.1.0]
	at play.core.server.Server$class.sendHandler$1(Server.scala:56) [play_2.10.jar:2.1.0]
	at play.core.server.Server$$anonfun$getHandlerFor$4.apply(Server.scala:88) [play_2.10.jar:2.1.0]
	at play.core.server.Server$$anonfun$getHandlerFor$4.apply(Server.scala:87) [play_2.10.jar:2.1.0]
	at scala.util.Either$RightProjection.flatMap(Either.scala:523) [scala-library.jar:na]
	at play.core.server.Server$class.getHandlerFor(Server.scala:87) [play_2.10.jar:2.1.0]
	at play.core.server.NettyServer.getHandlerFor(NettyServer.scala:34) [play_2.10.jar:2.1.0]
	at play.core.server.netty.PlayDefaultUpstreamHandler.messageReceived(PlayDefaultUpstreamHandler.scala:103) [play_2.10.jar:2.1.0]
	at org.jboss.netty.channel.SimpleChannelUpstreamHandler.handleUpstream(SimpleChannelUpstreamHandler.java:75) [netty.jar:na]
	at org.jboss.netty.channel.DefaultChannelPipeline.sendUpstream(DefaultChannelPipeline.java:565) [netty.jar:na]
	at org.jboss.netty.channel.DefaultChannelPipeline$DefaultChannelHandlerContext.sendUpstream(DefaultChannelPipeline.java:793) [netty.jar:na]
	at org.jboss.netty.handler.codec.http.HttpContentDecoder.messageReceived(HttpContentDecoder.java:104) [netty.jar:na]
	at org.jboss.netty.channel.SimpleChannelUpstreamHandler.handleUpstream(SimpleChannelUpstreamHandler.java:75) [netty.jar:na]
	at org.jboss.netty.channel.DefaultChannelPipeline.sendUpstream(DefaultChannelPipeline.java:565) [netty.jar:na]
	at org.jboss.netty.channel.DefaultChannelPipeline$DefaultChannelHandlerContext.sendUpstream(DefaultChannelPipeline.java:793) [netty.jar:na]
	at org.jboss.netty.channel.Channels.fireMessageReceived(Channels.java:296) [netty.jar:na]
	at org.jboss.netty.handler.codec.frame.FrameDecoder.unfoldAndFireMessageReceived(FrameDecoder.java:455) [netty.jar:na]
	at org.jboss.netty.handler.codec.replay.ReplayingDecoder.callDecode(ReplayingDecoder.java:538) [netty.jar:na]
	at org.jboss.netty.handler.codec.replay.ReplayingDecoder.messageReceived(ReplayingDecoder.java:437) [netty.jar:na]
	at org.jboss.netty.channel.SimpleChannelUpstreamHandler.handleUpstream(SimpleChannelUpstreamHandler.java:75) [netty.jar:na]
	at org.jboss.netty.channel.DefaultChannelPipeline.sendUpstream(DefaultChannelPipeline.java:565) [netty.jar:na]
	at org.jboss.netty.channel.DefaultChannelPipeline.sendUpstream(DefaultChannelPipeline.java:560) [netty.jar:na]
	at org.jboss.netty.channel.Channels.fireMessageReceived(Channels.java:268) [netty.jar:na]
	at org.jboss.netty.channel.Channels.fireMessageReceived(Channels.java:255) [netty.jar:na]
	at org.jboss.netty.channel.socket.nio.NioWorker.read(NioWorker.java:84) [netty.jar:na]
	at org.jboss.netty.channel.socket.nio.AbstractNioWorker.processSelectedKeys(AbstractNioWorker.java:472) [netty.jar:na]
	at org.jboss.netty.channel.socket.nio.AbstractNioWorker.run(AbstractNioWorker.java:333) [netty.jar:na]
	at org.jboss.netty.channel.socket.nio.NioWorker.run(NioWorker.java:35) [netty.jar:na]
	at org.jboss.netty.util.ThreadRenamingRunnable.run(ThreadRenamingRunnable.java:102) [netty.jar:na]
	at org.jboss.netty.util.internal.DeadLockProofWorker$1.run(DeadLockProofWorker.java:42) [netty.jar:na]
	at java.util.concurrent.ThreadPoolExecutor.runWorker(Unknown Source) [na:1.7.0_11]
	at java.util.concurrent.ThreadPoolExecutor$Worker.run(Unknown Source) [na:1.7.0_11]
	at java.lang.Thread.run(Unknown Source) [na:1.7.0_11]

2013-05-25 01:21:53,989 - [INFO] - from play in New I/O  worker #1 
database [default] connected at jdbc:h2:mem:play

2013-05-25 01:21:54,501 - [INFO] - from play in New I/O  worker #1 
Application started (Dev)

2013-05-25 01:21:55,449 - [ERROR] - from application in play-internal-execution-context-1 


! @6ed0b31b1 - Internal server error, for (GET) [/users/11?] ->

play.api.Application$$anon$1: Execution exception[[RuntimeException: Cannot fill a form with a null value]]
	at play.api.Application$class.handleError(Application.scala:289) ~[play_2.10.jar:2.1.0]
	at play.api.DefaultApplication.handleError(Application.scala:383) [play_2.10.jar:2.1.0]
	at play.core.server.netty.PlayDefaultUpstreamHandler$$anon$2$$anonfun$handle$1.apply(PlayDefaultUpstreamHandler.scala:132) [play_2.10.jar:2.1.0]
	at play.core.server.netty.PlayDefaultUpstreamHandler$$anon$2$$anonfun$handle$1.apply(PlayDefaultUpstreamHandler.scala:128) [play_2.10.jar:2.1.0]
	at play.api.libs.concurrent.PlayPromise$$anonfun$extend1$1.apply(Promise.scala:113) [play_2.10.jar:2.1.0]
	at play.api.libs.concurrent.PlayPromise$$anonfun$extend1$1.apply(Promise.scala:113) [play_2.10.jar:2.1.0]
	at play.api.libs.concurrent.PlayPromise$$anonfun$extend$1$$anonfun$apply$1.apply(Promise.scala:104) [play_2.10.jar:2.1.0]
	at scala.concurrent.impl.Future$PromiseCompletingRunnable.liftedTree1$1(Future.scala:24) [scala-library.jar:na]
	at scala.concurrent.impl.Future$PromiseCompletingRunnable.run(Future.scala:24) [scala-library.jar:na]
	at java.util.concurrent.ThreadPoolExecutor.runWorker(Unknown Source) [na:1.7.0_11]
	at java.util.concurrent.ThreadPoolExecutor$Worker.run(Unknown Source) [na:1.7.0_11]
	at java.lang.Thread.run(Unknown Source) [na:1.7.0_11]
java.lang.RuntimeException: Cannot fill a form with a null value
	at play.data.Form.fill(Form.java:429) ~[play-java_2.10.jar:2.1.0]
	at controllers.Application.editUser(Application.java:36) ~[na:na]
	at Routes$$anonfun$routes$1$$anonfun$applyOrElse$7$$anonfun$apply$7.apply(routes_routing.scala:122) ~[na:na]
	at Routes$$anonfun$routes$1$$anonfun$applyOrElse$7$$anonfun$apply$7.apply(routes_routing.scala:122) ~[na:na]
	at play.core.Router$HandlerInvoker$$anon$6$$anon$2.invocation(Router.scala:141) ~[play_2.10.jar:2.1.0]
	at play.core.Router$Routes$$anon$1.invocation(Router.scala:322) ~[play_2.10.jar:2.1.0]
	at play.core.j.JavaAction$$anon$1.call(JavaAction.scala:31) ~[play_2.10.jar:2.1.0]
	at play.GlobalSettings$1.call(GlobalSettings.java:63) ~[play_2.10.jar:2.1.0]
	at play.mvc.Security$AuthenticatedAction.call(Security.java:39) ~[play_2.10.jar:2.1.0]
	at play.core.j.JavaAction$$anon$2.apply(JavaAction.scala:74) ~[play_2.10.jar:2.1.0]
	at play.core.j.JavaAction$$anon$2.apply(JavaAction.scala:73) ~[play_2.10.jar:2.1.0]
	at play.libs.F$Promise$PromiseActor.onReceive(F.java:420) ~[play_2.10.jar:2.1.0]
	at akka.actor.UntypedActor$$anonfun$receive$1.applyOrElse(UntypedActor.scala:159) ~[akka-actor_2.10.jar:na]
	at akka.actor.ActorCell.receiveMessage(ActorCell.scala:425) ~[akka-actor_2.10.jar:na]
	at akka.actor.ActorCell.invoke(ActorCell.scala:386) ~[akka-actor_2.10.jar:na]
	at akka.dispatch.Mailbox.processMailbox(Mailbox.scala:230) ~[akka-actor_2.10.jar:na]
	at akka.dispatch.Mailbox.run(Mailbox.scala:212) ~[akka-actor_2.10.jar:na]
	at akka.dispatch.ForkJoinExecutorConfigurator$MailboxExecutionTask.exec(AbstractDispatcher.scala:502) ~[akka-actor_2.10.jar:na]
	at scala.concurrent.forkjoin.ForkJoinTask.doExec(ForkJoinTask.java:262) ~[scala-library.jar:na]
	at scala.concurrent.forkjoin.ForkJoinPool$WorkQueue.runTask(ForkJoinPool.java:975) ~[scala-library.jar:na]
	at scala.concurrent.forkjoin.ForkJoinPool.runWorker(ForkJoinPool.java:1478) ~[scala-library.jar:na]
	at scala.concurrent.forkjoin.ForkJoinWorkerThread.run(ForkJoinWorkerThread.java:104) ~[scala-library.jar:na]

2013-05-25 01:23:32,932 - [INFO] - from play in New I/O  worker #1 
database [default] connected at jdbc:h2:mem:play

2013-05-25 01:23:33,005 - [INFO] - from play in New I/O  worker #1 
Application started (Dev)

2013-05-25 01:27:07,803 - [INFO] - from play in New I/O  worker #4 
database [default] connected at jdbc:h2:mem:play

2013-05-25 01:27:07,866 - [INFO] - from play in New I/O  worker #4 
Application started (Dev)

2013-05-25 01:27:19,200 - [ERROR] - from application in play-internal-execution-context-1 


! @6ed0blc9c - Internal server error, for (POST) [/users] ->

play.api.Application$$anon$1: Execution exception[[PersistenceException: ERROR executing DML bindLog[] error[Unique index or primary key violation: "PRIMARY_KEY_2 ON PUBLIC.USER(ID)"; SQL statement:\n insert into user (id, first_name, last_name, password, bed_access, accounting_access, lab_access, time_reserving_access, ambulance_access, operation_access, reception_access, office_access, create_user_access, drug_store_access) values (?,?,?,?,?,?,?,?,?,?,?,?,?,?) [23505-168]]]]
	at play.api.Application$class.handleError(Application.scala:289) ~[play_2.10.jar:2.1.0]
	at play.api.DefaultApplication.handleError(Application.scala:383) [play_2.10.jar:2.1.0]
	at play.core.server.netty.PlayDefaultUpstreamHandler$$anon$2$$anonfun$handle$1.apply(PlayDefaultUpstreamHandler.scala:132) [play_2.10.jar:2.1.0]
	at play.core.server.netty.PlayDefaultUpstreamHandler$$anon$2$$anonfun$handle$1.apply(PlayDefaultUpstreamHandler.scala:128) [play_2.10.jar:2.1.0]
	at play.api.libs.concurrent.PlayPromise$$anonfun$extend1$1.apply(Promise.scala:113) [play_2.10.jar:2.1.0]
	at play.api.libs.concurrent.PlayPromise$$anonfun$extend1$1.apply(Promise.scala:113) [play_2.10.jar:2.1.0]
	at play.api.libs.concurrent.PlayPromise$$anonfun$extend$1$$anonfun$apply$1.apply(Promise.scala:104) [play_2.10.jar:2.1.0]
	at scala.concurrent.impl.Future$PromiseCompletingRunnable.liftedTree1$1(Future.scala:24) [scala-library.jar:na]
	at scala.concurrent.impl.Future$PromiseCompletingRunnable.run(Future.scala:24) [scala-library.jar:na]
	at java.util.concurrent.ThreadPoolExecutor.runWorker(Unknown Source) [na:1.7.0_11]
	at java.util.concurrent.ThreadPoolExecutor$Worker.run(Unknown Source) [na:1.7.0_11]
	at java.lang.Thread.run(Unknown Source) [na:1.7.0_11]
javax.persistence.PersistenceException: ERROR executing DML bindLog[] error[Unique index or primary key violation: "PRIMARY_KEY_2 ON PUBLIC.USER(ID)"; SQL statement:\n insert into user (id, first_name, last_name, password, bed_access, accounting_access, lab_access, time_reserving_access, ambulance_access, operation_access, reception_access, office_access, create_user_access, drug_store_access) values (?,?,?,?,?,?,?,?,?,?,?,?,?,?) [23505-168]]
	at com.avaje.ebeaninternal.server.persist.dml.DmlBeanPersister.execute(DmlBeanPersister.java:97) ~[avaje-ebeanorm-server.jar:na]
	at com.avaje.ebeaninternal.server.persist.dml.DmlBeanPersister.insert(DmlBeanPersister.java:57) ~[avaje-ebeanorm-server.jar:na]
	at com.avaje.ebeaninternal.server.persist.DefaultPersistExecute.executeInsertBean(DefaultPersistExecute.java:72) ~[avaje-ebeanorm-server.jar:na]
	at com.avaje.ebeaninternal.server.core.PersistRequestBean.executeNow(PersistRequestBean.java:481) ~[avaje-ebeanorm-server.jar:na]
	at com.avaje.ebeaninternal.server.core.PersistRequestBean.executeOrQueue(PersistRequestBean.java:511) ~[avaje-ebeanorm-server.jar:na]
	at com.avaje.ebeaninternal.server.persist.DefaultPersister.insert(DefaultPersister.java:387) ~[avaje-ebeanorm-server.jar:na]
	at com.avaje.ebeaninternal.server.persist.DefaultPersister.saveEnhanced(DefaultPersister.java:326) ~[avaje-ebeanorm-server.jar:na]
	at com.avaje.ebeaninternal.server.persist.DefaultPersister.saveRecurse(DefaultPersister.java:296) ~[avaje-ebeanorm-server.jar:na]
	at com.avaje.ebeaninternal.server.persist.DefaultPersister.save(DefaultPersister.java:263) ~[avaje-ebeanorm-server.jar:na]
	at com.avaje.ebeaninternal.server.core.DefaultServer.save(DefaultServer.java:1610) ~[avaje-ebeanorm-server.jar:na]
	at com.avaje.ebeaninternal.server.core.DefaultServer.save(DefaultServer.java:1600) ~[avaje-ebeanorm-server.jar:na]
	at com.avaje.ebean.Ebean.save(Ebean.java:505) ~[avaje-ebeanorm-api.jar:na]
	at play.db.ebean.Model.save(Model.java:91) ~[play-java-ebean_2.10.jar:2.1.0]
	at models.User.createUser(User.java:97) ~[na:na]
	at controllers.Application.createUser(Application.java:29) ~[na:na]
	at Routes$$anonfun$routes$1$$anonfun$applyOrElse$6$$anonfun$apply$6.apply(routes_routing.scala:114) ~[na:na]
	at Routes$$anonfun$routes$1$$anonfun$applyOrElse$6$$anonfun$apply$6.apply(routes_routing.scala:114) ~[na:na]
	at play.core.Router$HandlerInvoker$$anon$6$$anon$2.invocation(Router.scala:141) ~[play_2.10.jar:2.1.0]
	at play.core.Router$Routes$$anon$1.invocation(Router.scala:322) ~[play_2.10.jar:2.1.0]
	at play.core.j.JavaAction$$anon$1.call(JavaAction.scala:31) ~[play_2.10.jar:2.1.0]
	at play.GlobalSettings$1.call(GlobalSettings.java:63) ~[play_2.10.jar:2.1.0]
	at play.mvc.Security$AuthenticatedAction.call(Security.java:39) ~[play_2.10.jar:2.1.0]
	at play.core.j.JavaAction$$anon$2.apply(JavaAction.scala:74) ~[play_2.10.jar:2.1.0]
	at play.core.j.JavaAction$$anon$2.apply(JavaAction.scala:73) ~[play_2.10.jar:2.1.0]
	at play.libs.F$Promise$PromiseActor.onReceive(F.java:420) ~[play_2.10.jar:2.1.0]
	at akka.actor.UntypedActor$$anonfun$receive$1.applyOrElse(UntypedActor.scala:159) ~[akka-actor_2.10.jar:na]
	at akka.actor.ActorCell.receiveMessage(ActorCell.scala:425) ~[akka-actor_2.10.jar:na]
	at akka.actor.ActorCell.invoke(ActorCell.scala:386) ~[akka-actor_2.10.jar:na]
	at akka.dispatch.Mailbox.processMailbox(Mailbox.scala:230) ~[akka-actor_2.10.jar:na]
	at akka.dispatch.Mailbox.run(Mailbox.scala:212) ~[akka-actor_2.10.jar:na]
	at akka.dispatch.ForkJoinExecutorConfigurator$MailboxExecutionTask.exec(AbstractDispatcher.scala:502) ~[akka-actor_2.10.jar:na]
	at scala.concurrent.forkjoin.ForkJoinTask.doExec(ForkJoinTask.java:262) ~[scala-library.jar:na]
	at scala.concurrent.forkjoin.ForkJoinPool$WorkQueue.runTask(ForkJoinPool.java:975) ~[scala-library.jar:na]
	at scala.concurrent.forkjoin.ForkJoinPool.runWorker(ForkJoinPool.java:1478) ~[scala-library.jar:na]
	at scala.concurrent.forkjoin.ForkJoinWorkerThread.run(ForkJoinWorkerThread.java:104) ~[scala-library.jar:na]
Caused by: org.h2.jdbc.JdbcSQLException: Unique index or primary key violation: "PRIMARY_KEY_2 ON PUBLIC.USER(ID)"; SQL statement:
insert into user (id, first_name, last_name, password, bed_access, accounting_access, lab_access, time_reserving_access, ambulance_access, operation_access, reception_access, office_access, create_user_access, drug_store_access) values (?,?,?,?,?,?,?,?,?,?,?,?,?,?) [23505-168]
	at org.h2.message.DbException.getJdbcSQLException(DbException.java:329) ~[h2.jar:1.3.168]
	at org.h2.message.DbException.get(DbException.java:169) ~[h2.jar:1.3.168]
	at org.h2.message.DbException.get(DbException.java:146) ~[h2.jar:1.3.168]
	at org.h2.index.BaseIndex.getDuplicateKeyException(BaseIndex.java:81) ~[h2.jar:1.3.168]
	at org.h2.index.TreeIndex.add(TreeIndex.java:62) ~[h2.jar:1.3.168]
	at org.h2.table.RegularTable.addRow(RegularTable.java:121) ~[h2.jar:1.3.168]
	at org.h2.command.dml.Insert.insertRows(Insert.java:124) ~[h2.jar:1.3.168]
	at org.h2.command.dml.Insert.update(Insert.java:84) ~[h2.jar:1.3.168]
	at org.h2.command.CommandContainer.update(CommandContainer.java:75) ~[h2.jar:1.3.168]
	at org.h2.command.Command.executeUpdate(Command.java:230) ~[h2.jar:1.3.168]
	at org.h2.jdbc.JdbcPreparedStatement.executeUpdateInternal(JdbcPreparedStatement.java:156) ~[h2.jar:1.3.168]
	at org.h2.jdbc.JdbcPreparedStatement.executeUpdate(JdbcPreparedStatement.java:142) ~[h2.jar:1.3.168]
	at com.jolbox.bonecp.PreparedStatementHandle.executeUpdate(PreparedStatementHandle.java:203) ~[bonecp.jar:0.7.1.RELEASE]
	at com.avaje.ebeaninternal.server.type.DataBind.executeUpdate(DataBind.java:55) ~[avaje-ebeanorm-server.jar:na]
	at com.avaje.ebeaninternal.server.persist.dml.InsertHandler.execute(InsertHandler.java:139) ~[avaje-ebeanorm-server.jar:na]
	at com.avaje.ebeaninternal.server.persist.dml.DmlBeanPersister.execute(DmlBeanPersister.java:86) ~[avaje-ebeanorm-server.jar:na]
	... 34 common frames omitted

2013-05-25 01:31:04,487 - [ERROR] - from application in New I/O  worker #4 


! @6ed0c87g8 - Internal server error, for (POST) [/users] ->

sbt.PlayExceptions$CompilationException: Compilation error[error: cannot find symbol]
	at sbt.PlayReloader$$anon$2$$anonfun$reload$2$$anonfun$apply$15$$anonfun$apply$16.apply(PlayReloader.scala:349) ~[na:na]
	at sbt.PlayReloader$$anon$2$$anonfun$reload$2$$anonfun$apply$15$$anonfun$apply$16.apply(PlayReloader.scala:349) ~[na:na]
	at scala.Option.map(Option.scala:133) ~[scala-library.jar:na]
	at sbt.PlayReloader$$anon$2$$anonfun$reload$2$$anonfun$apply$15.apply(PlayReloader.scala:349) ~[na:na]
	at sbt.PlayReloader$$anon$2$$anonfun$reload$2$$anonfun$apply$15.apply(PlayReloader.scala:346) ~[na:na]
	at scala.Option.map(Option.scala:133) ~[scala-library.jar:na]
	at sbt.PlayReloader$$anon$2$$anonfun$reload$2.apply(PlayReloader.scala:346) ~[na:na]
	at sbt.PlayReloader$$anon$2$$anonfun$reload$2.apply(PlayReloader.scala:344) ~[na:na]
	at scala.Either$LeftProjection.map(Either.scala:374) ~[na:na]
	at sbt.PlayReloader$$anon$2.reload(PlayReloader.scala:344) ~[na:na]
	at play.core.ReloadableApplication.get(ApplicationProvider.scala:98) ~[play_2.10.jar:2.1.0]
	at play.core.server.Server$class.sendHandler$1(Server.scala:56) [play_2.10.jar:2.1.0]
	at play.core.server.Server$$anonfun$getHandlerFor$4.apply(Server.scala:88) [play_2.10.jar:2.1.0]
	at play.core.server.Server$$anonfun$getHandlerFor$4.apply(Server.scala:87) [play_2.10.jar:2.1.0]
	at scala.util.Either$RightProjection.flatMap(Either.scala:523) [scala-library.jar:na]
	at play.core.server.Server$class.getHandlerFor(Server.scala:87) [play_2.10.jar:2.1.0]
	at play.core.server.NettyServer.getHandlerFor(NettyServer.scala:34) [play_2.10.jar:2.1.0]
	at play.core.server.netty.PlayDefaultUpstreamHandler.messageReceived(PlayDefaultUpstreamHandler.scala:103) [play_2.10.jar:2.1.0]
	at org.jboss.netty.channel.SimpleChannelUpstreamHandler.handleUpstream(SimpleChannelUpstreamHandler.java:75) [netty.jar:na]
	at org.jboss.netty.channel.DefaultChannelPipeline.sendUpstream(DefaultChannelPipeline.java:565) [netty.jar:na]
	at org.jboss.netty.channel.DefaultChannelPipeline$DefaultChannelHandlerContext.sendUpstream(DefaultChannelPipeline.java:793) [netty.jar:na]
	at org.jboss.netty.handler.codec.http.HttpContentDecoder.messageReceived(HttpContentDecoder.java:104) [netty.jar:na]
	at org.jboss.netty.channel.SimpleChannelUpstreamHandler.handleUpstream(SimpleChannelUpstreamHandler.java:75) [netty.jar:na]
	at org.jboss.netty.channel.DefaultChannelPipeline.sendUpstream(DefaultChannelPipeline.java:565) [netty.jar:na]
	at org.jboss.netty.channel.DefaultChannelPipeline$DefaultChannelHandlerContext.sendUpstream(DefaultChannelPipeline.java:793) [netty.jar:na]
	at org.jboss.netty.channel.Channels.fireMessageReceived(Channels.java:296) [netty.jar:na]
	at org.jboss.netty.handler.codec.frame.FrameDecoder.unfoldAndFireMessageReceived(FrameDecoder.java:455) [netty.jar:na]
	at org.jboss.netty.handler.codec.replay.ReplayingDecoder.callDecode(ReplayingDecoder.java:538) [netty.jar:na]
	at org.jboss.netty.handler.codec.replay.ReplayingDecoder.messageReceived(ReplayingDecoder.java:437) [netty.jar:na]
	at org.jboss.netty.channel.SimpleChannelUpstreamHandler.handleUpstream(SimpleChannelUpstreamHandler.java:75) [netty.jar:na]
	at org.jboss.netty.channel.DefaultChannelPipeline.sendUpstream(DefaultChannelPipeline.java:565) [netty.jar:na]
	at org.jboss.netty.channel.DefaultChannelPipeline.sendUpstream(DefaultChannelPipeline.java:560) [netty.jar:na]
	at org.jboss.netty.channel.Channels.fireMessageReceived(Channels.java:268) [netty.jar:na]
	at org.jboss.netty.channel.Channels.fireMessageReceived(Channels.java:255) [netty.jar:na]
	at org.jboss.netty.channel.socket.nio.NioWorker.read(NioWorker.java:84) [netty.jar:na]
	at org.jboss.netty.channel.socket.nio.AbstractNioWorker.processSelectedKeys(AbstractNioWorker.java:472) [netty.jar:na]
	at org.jboss.netty.channel.socket.nio.AbstractNioWorker.run(AbstractNioWorker.java:333) [netty.jar:na]
	at org.jboss.netty.channel.socket.nio.NioWorker.run(NioWorker.java:35) [netty.jar:na]
	at org.jboss.netty.util.ThreadRenamingRunnable.run(ThreadRenamingRunnable.java:102) [netty.jar:na]
	at org.jboss.netty.util.internal.DeadLockProofWorker$1.run(DeadLockProofWorker.java:42) [netty.jar:na]
	at java.util.concurrent.ThreadPoolExecutor.runWorker(Unknown Source) [na:1.7.0_11]
	at java.util.concurrent.ThreadPoolExecutor$Worker.run(Unknown Source) [na:1.7.0_11]
	at java.lang.Thread.run(Unknown Source) [na:1.7.0_11]

2013-05-25 01:33:35,507 - [ERROR] - from application in New I/O  worker #4 


! @6ed0cgn0m - Internal server error, for (POST) [/users] ->

sbt.PlayExceptions$CompilationException: Compilation error[error: cannot find symbol]
	at sbt.PlayReloader$$anon$2$$anonfun$reload$2$$anonfun$apply$15$$anonfun$apply$16.apply(PlayReloader.scala:349) ~[na:na]
	at sbt.PlayReloader$$anon$2$$anonfun$reload$2$$anonfun$apply$15$$anonfun$apply$16.apply(PlayReloader.scala:349) ~[na:na]
	at scala.Option.map(Option.scala:133) ~[scala-library.jar:na]
	at sbt.PlayReloader$$anon$2$$anonfun$reload$2$$anonfun$apply$15.apply(PlayReloader.scala:349) ~[na:na]
	at sbt.PlayReloader$$anon$2$$anonfun$reload$2$$anonfun$apply$15.apply(PlayReloader.scala:346) ~[na:na]
	at scala.Option.map(Option.scala:133) ~[scala-library.jar:na]
	at sbt.PlayReloader$$anon$2$$anonfun$reload$2.apply(PlayReloader.scala:346) ~[na:na]
	at sbt.PlayReloader$$anon$2$$anonfun$reload$2.apply(PlayReloader.scala:344) ~[na:na]
	at scala.Either$LeftProjection.map(Either.scala:374) ~[na:na]
	at sbt.PlayReloader$$anon$2.reload(PlayReloader.scala:344) ~[na:na]
	at play.core.ReloadableApplication.get(ApplicationProvider.scala:98) ~[play_2.10.jar:2.1.0]
	at play.core.server.Server$class.sendHandler$1(Server.scala:56) [play_2.10.jar:2.1.0]
	at play.core.server.Server$$anonfun$getHandlerFor$4.apply(Server.scala:88) [play_2.10.jar:2.1.0]
	at play.core.server.Server$$anonfun$getHandlerFor$4.apply(Server.scala:87) [play_2.10.jar:2.1.0]
	at scala.util.Either$RightProjection.flatMap(Either.scala:523) [scala-library.jar:na]
	at play.core.server.Server$class.getHandlerFor(Server.scala:87) [play_2.10.jar:2.1.0]
	at play.core.server.NettyServer.getHandlerFor(NettyServer.scala:34) [play_2.10.jar:2.1.0]
	at play.core.server.netty.PlayDefaultUpstreamHandler.messageReceived(PlayDefaultUpstreamHandler.scala:103) [play_2.10.jar:2.1.0]
	at org.jboss.netty.channel.SimpleChannelUpstreamHandler.handleUpstream(SimpleChannelUpstreamHandler.java:75) [netty.jar:na]
	at org.jboss.netty.channel.DefaultChannelPipeline.sendUpstream(DefaultChannelPipeline.java:565) [netty.jar:na]
	at org.jboss.netty.channel.DefaultChannelPipeline$DefaultChannelHandlerContext.sendUpstream(DefaultChannelPipeline.java:793) [netty.jar:na]
	at org.jboss.netty.handler.codec.http.HttpContentDecoder.messageReceived(HttpContentDecoder.java:104) [netty.jar:na]
	at org.jboss.netty.channel.SimpleChannelUpstreamHandler.handleUpstream(SimpleChannelUpstreamHandler.java:75) [netty.jar:na]
	at org.jboss.netty.channel.DefaultChannelPipeline.sendUpstream(DefaultChannelPipeline.java:565) [netty.jar:na]
	at org.jboss.netty.channel.DefaultChannelPipeline$DefaultChannelHandlerContext.sendUpstream(DefaultChannelPipeline.java:793) [netty.jar:na]
	at org.jboss.netty.channel.Channels.fireMessageReceived(Channels.java:296) [netty.jar:na]
	at org.jboss.netty.handler.codec.frame.FrameDecoder.unfoldAndFireMessageReceived(FrameDecoder.java:455) [netty.jar:na]
	at org.jboss.netty.handler.codec.replay.ReplayingDecoder.callDecode(ReplayingDecoder.java:538) [netty.jar:na]
	at org.jboss.netty.handler.codec.replay.ReplayingDecoder.messageReceived(ReplayingDecoder.java:437) [netty.jar:na]
	at org.jboss.netty.channel.SimpleChannelUpstreamHandler.handleUpstream(SimpleChannelUpstreamHandler.java:75) [netty.jar:na]
	at org.jboss.netty.channel.DefaultChannelPipeline.sendUpstream(DefaultChannelPipeline.java:565) [netty.jar:na]
	at org.jboss.netty.channel.DefaultChannelPipeline.sendUpstream(DefaultChannelPipeline.java:560) [netty.jar:na]
	at org.jboss.netty.channel.Channels.fireMessageReceived(Channels.java:268) [netty.jar:na]
	at org.jboss.netty.channel.Channels.fireMessageReceived(Channels.java:255) [netty.jar:na]
	at org.jboss.netty.channel.socket.nio.NioWorker.read(NioWorker.java:84) [netty.jar:na]
	at org.jboss.netty.channel.socket.nio.AbstractNioWorker.processSelectedKeys(AbstractNioWorker.java:472) [netty.jar:na]
	at org.jboss.netty.channel.socket.nio.AbstractNioWorker.run(AbstractNioWorker.java:333) [netty.jar:na]
	at org.jboss.netty.channel.socket.nio.NioWorker.run(NioWorker.java:35) [netty.jar:na]
	at org.jboss.netty.util.ThreadRenamingRunnable.run(ThreadRenamingRunnable.java:102) [netty.jar:na]
	at org.jboss.netty.util.internal.DeadLockProofWorker$1.run(DeadLockProofWorker.java:42) [netty.jar:na]
	at java.util.concurrent.ThreadPoolExecutor.runWorker(Unknown Source) [na:1.7.0_11]
	at java.util.concurrent.ThreadPoolExecutor$Worker.run(Unknown Source) [na:1.7.0_11]
	at java.lang.Thread.run(Unknown Source) [na:1.7.0_11]

2013-05-25 01:35:34,287 - [INFO] - from play in New I/O  worker #4 
database [default] connected at jdbc:h2:mem:play

2013-05-25 01:35:34,343 - [INFO] - from play in New I/O  worker #4 
Application started (Dev)

2013-05-25 01:48:19,280 - [INFO] - from play in New I/O  worker #1 
database [default] connected at jdbc:h2:mem:play

2013-05-25 01:48:19,335 - [INFO] - from play in New I/O  worker #1 
Application started (Dev)

2013-05-25 01:49:35,842 - [ERROR] - from application in New I/O  worker #1 


! @6ed0ejdg7 - Internal server error, for (GET) [/users] ->

sbt.PlayExceptions$CompilationException: Compilation error[too many arguments for method createUser: ()play.api.mvc.Call]
	at sbt.PlayReloader$$anon$2$$anonfun$reload$2$$anonfun$apply$15$$anonfun$apply$16.apply(PlayReloader.scala:349) ~[na:na]
	at sbt.PlayReloader$$anon$2$$anonfun$reload$2$$anonfun$apply$15$$anonfun$apply$16.apply(PlayReloader.scala:349) ~[na:na]
	at scala.Option.map(Option.scala:133) ~[scala-library.jar:na]
	at sbt.PlayReloader$$anon$2$$anonfun$reload$2$$anonfun$apply$15.apply(PlayReloader.scala:349) ~[na:na]
	at sbt.PlayReloader$$anon$2$$anonfun$reload$2$$anonfun$apply$15.apply(PlayReloader.scala:346) ~[na:na]
	at scala.Option.map(Option.scala:133) ~[scala-library.jar:na]
	at sbt.PlayReloader$$anon$2$$anonfun$reload$2.apply(PlayReloader.scala:346) ~[na:na]
	at sbt.PlayReloader$$anon$2$$anonfun$reload$2.apply(PlayReloader.scala:344) ~[na:na]
	at scala.Either$LeftProjection.map(Either.scala:374) ~[na:na]
	at sbt.PlayReloader$$anon$2.reload(PlayReloader.scala:344) ~[na:na]
	at play.core.ReloadableApplication.get(ApplicationProvider.scala:98) ~[play_2.10.jar:2.1.0]
	at play.core.server.Server$class.sendHandler$1(Server.scala:56) [play_2.10.jar:2.1.0]
	at play.core.server.Server$$anonfun$getHandlerFor$4.apply(Server.scala:88) [play_2.10.jar:2.1.0]
	at play.core.server.Server$$anonfun$getHandlerFor$4.apply(Server.scala:87) [play_2.10.jar:2.1.0]
	at scala.util.Either$RightProjection.flatMap(Either.scala:523) [scala-library.jar:na]
	at play.core.server.Server$class.getHandlerFor(Server.scala:87) [play_2.10.jar:2.1.0]
	at play.core.server.NettyServer.getHandlerFor(NettyServer.scala:34) [play_2.10.jar:2.1.0]
	at play.core.server.netty.PlayDefaultUpstreamHandler.messageReceived(PlayDefaultUpstreamHandler.scala:103) [play_2.10.jar:2.1.0]
	at org.jboss.netty.channel.SimpleChannelUpstreamHandler.handleUpstream(SimpleChannelUpstreamHandler.java:75) [netty.jar:na]
	at org.jboss.netty.channel.DefaultChannelPipeline.sendUpstream(DefaultChannelPipeline.java:565) [netty.jar:na]
	at org.jboss.netty.channel.DefaultChannelPipeline$DefaultChannelHandlerContext.sendUpstream(DefaultChannelPipeline.java:793) [netty.jar:na]
	at org.jboss.netty.handler.codec.http.HttpContentDecoder.messageReceived(HttpContentDecoder.java:104) [netty.jar:na]
	at org.jboss.netty.channel.SimpleChannelUpstreamHandler.handleUpstream(SimpleChannelUpstreamHandler.java:75) [netty.jar:na]
	at org.jboss.netty.channel.DefaultChannelPipeline.sendUpstream(DefaultChannelPipeline.java:565) [netty.jar:na]
	at org.jboss.netty.channel.DefaultChannelPipeline$DefaultChannelHandlerContext.sendUpstream(DefaultChannelPipeline.java:793) [netty.jar:na]
	at org.jboss.netty.channel.Channels.fireMessageReceived(Channels.java:296) [netty.jar:na]
	at org.jboss.netty.handler.codec.frame.FrameDecoder.unfoldAndFireMessageReceived(FrameDecoder.java:455) [netty.jar:na]
	at org.jboss.netty.handler.codec.replay.ReplayingDecoder.callDecode(ReplayingDecoder.java:538) [netty.jar:na]
	at org.jboss.netty.handler.codec.replay.ReplayingDecoder.messageReceived(ReplayingDecoder.java:437) [netty.jar:na]
	at org.jboss.netty.channel.SimpleChannelUpstreamHandler.handleUpstream(SimpleChannelUpstreamHandler.java:75) [netty.jar:na]
	at org.jboss.netty.channel.DefaultChannelPipeline.sendUpstream(DefaultChannelPipeline.java:565) [netty.jar:na]
	at org.jboss.netty.channel.DefaultChannelPipeline.sendUpstream(DefaultChannelPipeline.java:560) [netty.jar:na]
	at org.jboss.netty.channel.Channels.fireMessageReceived(Channels.java:268) [netty.jar:na]
	at org.jboss.netty.channel.Channels.fireMessageReceived(Channels.java:255) [netty.jar:na]
	at org.jboss.netty.channel.socket.nio.NioWorker.read(NioWorker.java:84) [netty.jar:na]
	at org.jboss.netty.channel.socket.nio.AbstractNioWorker.processSelectedKeys(AbstractNioWorker.java:472) [netty.jar:na]
	at org.jboss.netty.channel.socket.nio.AbstractNioWorker.run(AbstractNioWorker.java:333) [netty.jar:na]
	at org.jboss.netty.channel.socket.nio.NioWorker.run(NioWorker.java:35) [netty.jar:na]
	at org.jboss.netty.util.ThreadRenamingRunnable.run(ThreadRenamingRunnable.java:102) [netty.jar:na]
	at org.jboss.netty.util.internal.DeadLockProofWorker$1.run(DeadLockProofWorker.java:42) [netty.jar:na]
	at java.util.concurrent.ThreadPoolExecutor.runWorker(Unknown Source) [na:1.7.0_11]
	at java.util.concurrent.ThreadPoolExecutor$Worker.run(Unknown Source) [na:1.7.0_11]
	at java.lang.Thread.run(Unknown Source) [na:1.7.0_11]

2013-05-25 01:49:36,834 - [ERROR] - from application in New I/O  worker #3 


! @6ed0ejf2o - Internal server error, for (GET) [/users] ->

sbt.PlayExceptions$CompilationException: Compilation error[too many arguments for method createUser: ()play.api.mvc.Call]
	at sbt.PlayReloader$$anon$2$$anonfun$reload$2$$anonfun$apply$15$$anonfun$apply$16.apply(PlayReloader.scala:349) ~[na:na]
	at sbt.PlayReloader$$anon$2$$anonfun$reload$2$$anonfun$apply$15$$anonfun$apply$16.apply(PlayReloader.scala:349) ~[na:na]
	at scala.Option.map(Option.scala:133) ~[scala-library.jar:na]
	at sbt.PlayReloader$$anon$2$$anonfun$reload$2$$anonfun$apply$15.apply(PlayReloader.scala:349) ~[na:na]
	at sbt.PlayReloader$$anon$2$$anonfun$reload$2$$anonfun$apply$15.apply(PlayReloader.scala:346) ~[na:na]
	at scala.Option.map(Option.scala:133) ~[scala-library.jar:na]
	at sbt.PlayReloader$$anon$2$$anonfun$reload$2.apply(PlayReloader.scala:346) ~[na:na]
	at sbt.PlayReloader$$anon$2$$anonfun$reload$2.apply(PlayReloader.scala:344) ~[na:na]
	at scala.Either$LeftProjection.map(Either.scala:374) ~[na:na]
	at sbt.PlayReloader$$anon$2.reload(PlayReloader.scala:344) ~[na:na]
	at play.core.ReloadableApplication.get(ApplicationProvider.scala:98) ~[play_2.10.jar:2.1.0]
	at play.core.server.Server$class.sendHandler$1(Server.scala:56) [play_2.10.jar:2.1.0]
	at play.core.server.Server$$anonfun$getHandlerFor$4.apply(Server.scala:88) [play_2.10.jar:2.1.0]
	at play.core.server.Server$$anonfun$getHandlerFor$4.apply(Server.scala:87) [play_2.10.jar:2.1.0]
	at scala.util.Either$RightProjection.flatMap(Either.scala:523) [scala-library.jar:na]
	at play.core.server.Server$class.getHandlerFor(Server.scala:87) [play_2.10.jar:2.1.0]
	at play.core.server.NettyServer.getHandlerFor(NettyServer.scala:34) [play_2.10.jar:2.1.0]
	at play.core.server.netty.PlayDefaultUpstreamHandler.messageReceived(PlayDefaultUpstreamHandler.scala:103) [play_2.10.jar:2.1.0]
	at org.jboss.netty.channel.SimpleChannelUpstreamHandler.handleUpstream(SimpleChannelUpstreamHandler.java:75) [netty.jar:na]
	at org.jboss.netty.channel.DefaultChannelPipeline.sendUpstream(DefaultChannelPipeline.java:565) [netty.jar:na]
	at org.jboss.netty.channel.DefaultChannelPipeline$DefaultChannelHandlerContext.sendUpstream(DefaultChannelPipeline.java:793) [netty.jar:na]
	at org.jboss.netty.handler.codec.http.HttpContentDecoder.messageReceived(HttpContentDecoder.java:104) [netty.jar:na]
	at org.jboss.netty.channel.SimpleChannelUpstreamHandler.handleUpstream(SimpleChannelUpstreamHandler.java:75) [netty.jar:na]
	at org.jboss.netty.channel.DefaultChannelPipeline.sendUpstream(DefaultChannelPipeline.java:565) [netty.jar:na]
	at org.jboss.netty.channel.DefaultChannelPipeline$DefaultChannelHandlerContext.sendUpstream(DefaultChannelPipeline.java:793) [netty.jar:na]
	at org.jboss.netty.channel.Channels.fireMessageReceived(Channels.java:296) [netty.jar:na]
	at org.jboss.netty.handler.codec.frame.FrameDecoder.unfoldAndFireMessageReceived(FrameDecoder.java:455) [netty.jar:na]
	at org.jboss.netty.handler.codec.replay.ReplayingDecoder.callDecode(ReplayingDecoder.java:538) [netty.jar:na]
	at org.jboss.netty.handler.codec.replay.ReplayingDecoder.messageReceived(ReplayingDecoder.java:437) [netty.jar:na]
	at org.jboss.netty.channel.SimpleChannelUpstreamHandler.handleUpstream(SimpleChannelUpstreamHandler.java:75) [netty.jar:na]
	at org.jboss.netty.channel.DefaultChannelPipeline.sendUpstream(DefaultChannelPipeline.java:565) [netty.jar:na]
	at org.jboss.netty.channel.DefaultChannelPipeline.sendUpstream(DefaultChannelPipeline.java:560) [netty.jar:na]
	at org.jboss.netty.channel.Channels.fireMessageReceived(Channels.java:268) [netty.jar:na]
	at org.jboss.netty.channel.Channels.fireMessageReceived(Channels.java:255) [netty.jar:na]
	at org.jboss.netty.channel.socket.nio.NioWorker.read(NioWorker.java:84) [netty.jar:na]
	at org.jboss.netty.channel.socket.nio.AbstractNioWorker.processSelectedKeys(AbstractNioWorker.java:472) [netty.jar:na]
	at org.jboss.netty.channel.socket.nio.AbstractNioWorker.run(AbstractNioWorker.java:333) [netty.jar:na]
	at org.jboss.netty.channel.socket.nio.NioWorker.run(NioWorker.java:35) [netty.jar:na]
	at org.jboss.netty.util.ThreadRenamingRunnable.run(ThreadRenamingRunnable.java:102) [netty.jar:na]
	at org.jboss.netty.util.internal.DeadLockProofWorker$1.run(DeadLockProofWorker.java:42) [netty.jar:na]
	at java.util.concurrent.ThreadPoolExecutor.runWorker(Unknown Source) [na:1.7.0_11]
	at java.util.concurrent.ThreadPoolExecutor$Worker.run(Unknown Source) [na:1.7.0_11]
	at java.lang.Thread.run(Unknown Source) [na:1.7.0_11]

2013-05-25 01:50:47,344 - [ERROR] - from application in New I/O  worker #3 


! @6ed0enfan - Internal server error, for (GET) [/users] ->

sbt.PlayExceptions$CompilationException: Compilation error[value updateUser is not a member of controllers.ReverseApplication]
	at sbt.PlayReloader$$anon$2$$anonfun$reload$2$$anonfun$apply$15$$anonfun$apply$16.apply(PlayReloader.scala:349) ~[na:na]
	at sbt.PlayReloader$$anon$2$$anonfun$reload$2$$anonfun$apply$15$$anonfun$apply$16.apply(PlayReloader.scala:349) ~[na:na]
	at scala.Option.map(Option.scala:133) ~[scala-library.jar:na]
	at sbt.PlayReloader$$anon$2$$anonfun$reload$2$$anonfun$apply$15.apply(PlayReloader.scala:349) ~[na:na]
	at sbt.PlayReloader$$anon$2$$anonfun$reload$2$$anonfun$apply$15.apply(PlayReloader.scala:346) ~[na:na]
	at scala.Option.map(Option.scala:133) ~[scala-library.jar:na]
	at sbt.PlayReloader$$anon$2$$anonfun$reload$2.apply(PlayReloader.scala:346) ~[na:na]
	at sbt.PlayReloader$$anon$2$$anonfun$reload$2.apply(PlayReloader.scala:344) ~[na:na]
	at scala.Either$LeftProjection.map(Either.scala:374) ~[na:na]
	at sbt.PlayReloader$$anon$2.reload(PlayReloader.scala:344) ~[na:na]
	at play.core.ReloadableApplication.get(ApplicationProvider.scala:98) ~[play_2.10.jar:2.1.0]
	at play.core.server.Server$class.sendHandler$1(Server.scala:56) [play_2.10.jar:2.1.0]
	at play.core.server.Server$$anonfun$getHandlerFor$4.apply(Server.scala:88) [play_2.10.jar:2.1.0]
	at play.core.server.Server$$anonfun$getHandlerFor$4.apply(Server.scala:87) [play_2.10.jar:2.1.0]
	at scala.util.Either$RightProjection.flatMap(Either.scala:523) [scala-library.jar:na]
	at play.core.server.Server$class.getHandlerFor(Server.scala:87) [play_2.10.jar:2.1.0]
	at play.core.server.NettyServer.getHandlerFor(NettyServer.scala:34) [play_2.10.jar:2.1.0]
	at play.core.server.netty.PlayDefaultUpstreamHandler.messageReceived(PlayDefaultUpstreamHandler.scala:103) [play_2.10.jar:2.1.0]
	at org.jboss.netty.channel.SimpleChannelUpstreamHandler.handleUpstream(SimpleChannelUpstreamHandler.java:75) [netty.jar:na]
	at org.jboss.netty.channel.DefaultChannelPipeline.sendUpstream(DefaultChannelPipeline.java:565) [netty.jar:na]
	at org.jboss.netty.channel.DefaultChannelPipeline$DefaultChannelHandlerContext.sendUpstream(DefaultChannelPipeline.java:793) [netty.jar:na]
	at org.jboss.netty.handler.codec.http.HttpContentDecoder.messageReceived(HttpContentDecoder.java:104) [netty.jar:na]
	at org.jboss.netty.channel.SimpleChannelUpstreamHandler.handleUpstream(SimpleChannelUpstreamHandler.java:75) [netty.jar:na]
	at org.jboss.netty.channel.DefaultChannelPipeline.sendUpstream(DefaultChannelPipeline.java:565) [netty.jar:na]
	at org.jboss.netty.channel.DefaultChannelPipeline$DefaultChannelHandlerContext.sendUpstream(DefaultChannelPipeline.java:793) [netty.jar:na]
	at org.jboss.netty.channel.Channels.fireMessageReceived(Channels.java:296) [netty.jar:na]
	at org.jboss.netty.handler.codec.frame.FrameDecoder.unfoldAndFireMessageReceived(FrameDecoder.java:455) [netty.jar:na]
	at org.jboss.netty.handler.codec.replay.ReplayingDecoder.callDecode(ReplayingDecoder.java:538) [netty.jar:na]
	at org.jboss.netty.handler.codec.replay.ReplayingDecoder.messageReceived(ReplayingDecoder.java:437) [netty.jar:na]
	at org.jboss.netty.channel.SimpleChannelUpstreamHandler.handleUpstream(SimpleChannelUpstreamHandler.java:75) [netty.jar:na]
	at org.jboss.netty.channel.DefaultChannelPipeline.sendUpstream(DefaultChannelPipeline.java:565) [netty.jar:na]
	at org.jboss.netty.channel.DefaultChannelPipeline.sendUpstream(DefaultChannelPipeline.java:560) [netty.jar:na]
	at org.jboss.netty.channel.Channels.fireMessageReceived(Channels.java:268) [netty.jar:na]
	at org.jboss.netty.channel.Channels.fireMessageReceived(Channels.java:255) [netty.jar:na]
	at org.jboss.netty.channel.socket.nio.NioWorker.read(NioWorker.java:84) [netty.jar:na]
	at org.jboss.netty.channel.socket.nio.AbstractNioWorker.processSelectedKeys(AbstractNioWorker.java:472) [netty.jar:na]
	at org.jboss.netty.channel.socket.nio.AbstractNioWorker.run(AbstractNioWorker.java:333) [netty.jar:na]
	at org.jboss.netty.channel.socket.nio.NioWorker.run(NioWorker.java:35) [netty.jar:na]
	at org.jboss.netty.util.ThreadRenamingRunnable.run(ThreadRenamingRunnable.java:102) [netty.jar:na]
	at org.jboss.netty.util.internal.DeadLockProofWorker$1.run(DeadLockProofWorker.java:42) [netty.jar:na]
	at java.util.concurrent.ThreadPoolExecutor.runWorker(Unknown Source) [na:1.7.0_11]
	at java.util.concurrent.ThreadPoolExecutor$Worker.run(Unknown Source) [na:1.7.0_11]
	at java.lang.Thread.run(Unknown Source) [na:1.7.0_11]

2013-05-25 01:51:03,142 - [ERROR] - from application in New I/O  worker #3 


! @6ed0eockd - Internal server error, for (GET) [/users] ->

sbt.PlayExceptions$CompilationException: Compilation error[value updateUser is not a member of controllers.ReverseApplication]
	at sbt.PlayReloader$$anon$2$$anonfun$reload$2$$anonfun$apply$15$$anonfun$apply$16.apply(PlayReloader.scala:349) ~[na:na]
	at sbt.PlayReloader$$anon$2$$anonfun$reload$2$$anonfun$apply$15$$anonfun$apply$16.apply(PlayReloader.scala:349) ~[na:na]
	at scala.Option.map(Option.scala:133) ~[scala-library.jar:na]
	at sbt.PlayReloader$$anon$2$$anonfun$reload$2$$anonfun$apply$15.apply(PlayReloader.scala:349) ~[na:na]
	at sbt.PlayReloader$$anon$2$$anonfun$reload$2$$anonfun$apply$15.apply(PlayReloader.scala:346) ~[na:na]
	at scala.Option.map(Option.scala:133) ~[scala-library.jar:na]
	at sbt.PlayReloader$$anon$2$$anonfun$reload$2.apply(PlayReloader.scala:346) ~[na:na]
	at sbt.PlayReloader$$anon$2$$anonfun$reload$2.apply(PlayReloader.scala:344) ~[na:na]
	at scala.Either$LeftProjection.map(Either.scala:374) ~[na:na]
	at sbt.PlayReloader$$anon$2.reload(PlayReloader.scala:344) ~[na:na]
	at play.core.ReloadableApplication.get(ApplicationProvider.scala:98) ~[play_2.10.jar:2.1.0]
	at play.core.server.Server$class.sendHandler$1(Server.scala:56) [play_2.10.jar:2.1.0]
	at play.core.server.Server$$anonfun$getHandlerFor$4.apply(Server.scala:88) [play_2.10.jar:2.1.0]
	at play.core.server.Server$$anonfun$getHandlerFor$4.apply(Server.scala:87) [play_2.10.jar:2.1.0]
	at scala.util.Either$RightProjection.flatMap(Either.scala:523) [scala-library.jar:na]
	at play.core.server.Server$class.getHandlerFor(Server.scala:87) [play_2.10.jar:2.1.0]
	at play.core.server.NettyServer.getHandlerFor(NettyServer.scala:34) [play_2.10.jar:2.1.0]
	at play.core.server.netty.PlayDefaultUpstreamHandler.messageReceived(PlayDefaultUpstreamHandler.scala:103) [play_2.10.jar:2.1.0]
	at org.jboss.netty.channel.SimpleChannelUpstreamHandler.handleUpstream(SimpleChannelUpstreamHandler.java:75) [netty.jar:na]
	at org.jboss.netty.channel.DefaultChannelPipeline.sendUpstream(DefaultChannelPipeline.java:565) [netty.jar:na]
	at org.jboss.netty.channel.DefaultChannelPipeline$DefaultChannelHandlerContext.sendUpstream(DefaultChannelPipeline.java:793) [netty.jar:na]
	at org.jboss.netty.handler.codec.http.HttpContentDecoder.messageReceived(HttpContentDecoder.java:104) [netty.jar:na]
	at org.jboss.netty.channel.SimpleChannelUpstreamHandler.handleUpstream(SimpleChannelUpstreamHandler.java:75) [netty.jar:na]
	at org.jboss.netty.channel.DefaultChannelPipeline.sendUpstream(DefaultChannelPipeline.java:565) [netty.jar:na]
	at org.jboss.netty.channel.DefaultChannelPipeline$DefaultChannelHandlerContext.sendUpstream(DefaultChannelPipeline.java:793) [netty.jar:na]
	at org.jboss.netty.channel.Channels.fireMessageReceived(Channels.java:296) [netty.jar:na]
	at org.jboss.netty.handler.codec.frame.FrameDecoder.unfoldAndFireMessageReceived(FrameDecoder.java:455) [netty.jar:na]
	at org.jboss.netty.handler.codec.replay.ReplayingDecoder.callDecode(ReplayingDecoder.java:538) [netty.jar:na]
	at org.jboss.netty.handler.codec.replay.ReplayingDecoder.messageReceived(ReplayingDecoder.java:437) [netty.jar:na]
	at org.jboss.netty.channel.SimpleChannelUpstreamHandler.handleUpstream(SimpleChannelUpstreamHandler.java:75) [netty.jar:na]
	at org.jboss.netty.channel.DefaultChannelPipeline.sendUpstream(DefaultChannelPipeline.java:565) [netty.jar:na]
	at org.jboss.netty.channel.DefaultChannelPipeline.sendUpstream(DefaultChannelPipeline.java:560) [netty.jar:na]
	at org.jboss.netty.channel.Channels.fireMessageReceived(Channels.java:268) [netty.jar:na]
	at org.jboss.netty.channel.Channels.fireMessageReceived(Channels.java:255) [netty.jar:na]
	at org.jboss.netty.channel.socket.nio.NioWorker.read(NioWorker.java:84) [netty.jar:na]
	at org.jboss.netty.channel.socket.nio.AbstractNioWorker.processSelectedKeys(AbstractNioWorker.java:472) [netty.jar:na]
	at org.jboss.netty.channel.socket.nio.AbstractNioWorker.run(AbstractNioWorker.java:333) [netty.jar:na]
	at org.jboss.netty.channel.socket.nio.NioWorker.run(NioWorker.java:35) [netty.jar:na]
	at org.jboss.netty.util.ThreadRenamingRunnable.run(ThreadRenamingRunnable.java:102) [netty.jar:na]
	at org.jboss.netty.util.internal.DeadLockProofWorker$1.run(DeadLockProofWorker.java:42) [netty.jar:na]
	at java.util.concurrent.ThreadPoolExecutor.runWorker(Unknown Source) [na:1.7.0_11]
	at java.util.concurrent.ThreadPoolExecutor$Worker.run(Unknown Source) [na:1.7.0_11]
	at java.lang.Thread.run(Unknown Source) [na:1.7.0_11]

2013-05-25 01:51:14,936 - [ERROR] - from application in New I/O  worker #3 


! @6ed0ep463 - Internal server error, for (GET) [/users] ->

sbt.PlayExceptions$CompilationException: Compilation error[value updateUser is not a member of controllers.ReverseApplication]
	at sbt.PlayReloader$$anon$2$$anonfun$reload$2$$anonfun$apply$15$$anonfun$apply$16.apply(PlayReloader.scala:349) ~[na:na]
	at sbt.PlayReloader$$anon$2$$anonfun$reload$2$$anonfun$apply$15$$anonfun$apply$16.apply(PlayReloader.scala:349) ~[na:na]
	at scala.Option.map(Option.scala:133) ~[scala-library.jar:na]
	at sbt.PlayReloader$$anon$2$$anonfun$reload$2$$anonfun$apply$15.apply(PlayReloader.scala:349) ~[na:na]
	at sbt.PlayReloader$$anon$2$$anonfun$reload$2$$anonfun$apply$15.apply(PlayReloader.scala:346) ~[na:na]
	at scala.Option.map(Option.scala:133) ~[scala-library.jar:na]
	at sbt.PlayReloader$$anon$2$$anonfun$reload$2.apply(PlayReloader.scala:346) ~[na:na]
	at sbt.PlayReloader$$anon$2$$anonfun$reload$2.apply(PlayReloader.scala:344) ~[na:na]
	at scala.Either$LeftProjection.map(Either.scala:374) ~[na:na]
	at sbt.PlayReloader$$anon$2.reload(PlayReloader.scala:344) ~[na:na]
	at play.core.ReloadableApplication.get(ApplicationProvider.scala:98) ~[play_2.10.jar:2.1.0]
	at play.core.server.Server$class.sendHandler$1(Server.scala:56) [play_2.10.jar:2.1.0]
	at play.core.server.Server$$anonfun$getHandlerFor$4.apply(Server.scala:88) [play_2.10.jar:2.1.0]
	at play.core.server.Server$$anonfun$getHandlerFor$4.apply(Server.scala:87) [play_2.10.jar:2.1.0]
	at scala.util.Either$RightProjection.flatMap(Either.scala:523) [scala-library.jar:na]
	at play.core.server.Server$class.getHandlerFor(Server.scala:87) [play_2.10.jar:2.1.0]
	at play.core.server.NettyServer.getHandlerFor(NettyServer.scala:34) [play_2.10.jar:2.1.0]
	at play.core.server.netty.PlayDefaultUpstreamHandler.messageReceived(PlayDefaultUpstreamHandler.scala:103) [play_2.10.jar:2.1.0]
	at org.jboss.netty.channel.SimpleChannelUpstreamHandler.handleUpstream(SimpleChannelUpstreamHandler.java:75) [netty.jar:na]
	at org.jboss.netty.channel.DefaultChannelPipeline.sendUpstream(DefaultChannelPipeline.java:565) [netty.jar:na]
	at org.jboss.netty.channel.DefaultChannelPipeline$DefaultChannelHandlerContext.sendUpstream(DefaultChannelPipeline.java:793) [netty.jar:na]
	at org.jboss.netty.handler.codec.http.HttpContentDecoder.messageReceived(HttpContentDecoder.java:104) [netty.jar:na]
	at org.jboss.netty.channel.SimpleChannelUpstreamHandler.handleUpstream(SimpleChannelUpstreamHandler.java:75) [netty.jar:na]
	at org.jboss.netty.channel.DefaultChannelPipeline.sendUpstream(DefaultChannelPipeline.java:565) [netty.jar:na]
	at org.jboss.netty.channel.DefaultChannelPipeline$DefaultChannelHandlerContext.sendUpstream(DefaultChannelPipeline.java:793) [netty.jar:na]
	at org.jboss.netty.channel.Channels.fireMessageReceived(Channels.java:296) [netty.jar:na]
	at org.jboss.netty.handler.codec.frame.FrameDecoder.unfoldAndFireMessageReceived(FrameDecoder.java:455) [netty.jar:na]
	at org.jboss.netty.handler.codec.replay.ReplayingDecoder.callDecode(ReplayingDecoder.java:538) [netty.jar:na]
	at org.jboss.netty.handler.codec.replay.ReplayingDecoder.messageReceived(ReplayingDecoder.java:437) [netty.jar:na]
	at org.jboss.netty.channel.SimpleChannelUpstreamHandler.handleUpstream(SimpleChannelUpstreamHandler.java:75) [netty.jar:na]
	at org.jboss.netty.channel.DefaultChannelPipeline.sendUpstream(DefaultChannelPipeline.java:565) [netty.jar:na]
	at org.jboss.netty.channel.DefaultChannelPipeline.sendUpstream(DefaultChannelPipeline.java:560) [netty.jar:na]
	at org.jboss.netty.channel.Channels.fireMessageReceived(Channels.java:268) [netty.jar:na]
	at org.jboss.netty.channel.Channels.fireMessageReceived(Channels.java:255) [netty.jar:na]
	at org.jboss.netty.channel.socket.nio.NioWorker.read(NioWorker.java:84) [netty.jar:na]
	at org.jboss.netty.channel.socket.nio.AbstractNioWorker.processSelectedKeys(AbstractNioWorker.java:472) [netty.jar:na]
	at org.jboss.netty.channel.socket.nio.AbstractNioWorker.run(AbstractNioWorker.java:333) [netty.jar:na]
	at org.jboss.netty.channel.socket.nio.NioWorker.run(NioWorker.java:35) [netty.jar:na]
	at org.jboss.netty.util.ThreadRenamingRunnable.run(ThreadRenamingRunnable.java:102) [netty.jar:na]
	at org.jboss.netty.util.internal.DeadLockProofWorker$1.run(DeadLockProofWorker.java:42) [netty.jar:na]
	at java.util.concurrent.ThreadPoolExecutor.runWorker(Unknown Source) [na:1.7.0_11]
	at java.util.concurrent.ThreadPoolExecutor$Worker.run(Unknown Source) [na:1.7.0_11]
	at java.lang.Thread.run(Unknown Source) [na:1.7.0_11]

2013-05-25 01:51:22,368 - [ERROR] - from application in New I/O  worker #3 


! @6ed0epf5o - Internal server error, for (GET) [/users] ->

sbt.PlayExceptions$CompilationException: Compilation error[value updateUser is not a member of controllers.ReverseApplication]
	at sbt.PlayReloader$$anon$2$$anonfun$reload$2$$anonfun$apply$15$$anonfun$apply$16.apply(PlayReloader.scala:349) ~[na:na]
	at sbt.PlayReloader$$anon$2$$anonfun$reload$2$$anonfun$apply$15$$anonfun$apply$16.apply(PlayReloader.scala:349) ~[na:na]
	at scala.Option.map(Option.scala:133) ~[scala-library.jar:na]
	at sbt.PlayReloader$$anon$2$$anonfun$reload$2$$anonfun$apply$15.apply(PlayReloader.scala:349) ~[na:na]
	at sbt.PlayReloader$$anon$2$$anonfun$reload$2$$anonfun$apply$15.apply(PlayReloader.scala:346) ~[na:na]
	at scala.Option.map(Option.scala:133) ~[scala-library.jar:na]
	at sbt.PlayReloader$$anon$2$$anonfun$reload$2.apply(PlayReloader.scala:346) ~[na:na]
	at sbt.PlayReloader$$anon$2$$anonfun$reload$2.apply(PlayReloader.scala:344) ~[na:na]
	at scala.Either$LeftProjection.map(Either.scala:374) ~[na:na]
	at sbt.PlayReloader$$anon$2.reload(PlayReloader.scala:344) ~[na:na]
	at play.core.ReloadableApplication.get(ApplicationProvider.scala:98) ~[play_2.10.jar:2.1.0]
	at play.core.server.Server$class.sendHandler$1(Server.scala:56) [play_2.10.jar:2.1.0]
	at play.core.server.Server$$anonfun$getHandlerFor$4.apply(Server.scala:88) [play_2.10.jar:2.1.0]
	at play.core.server.Server$$anonfun$getHandlerFor$4.apply(Server.scala:87) [play_2.10.jar:2.1.0]
	at scala.util.Either$RightProjection.flatMap(Either.scala:523) [scala-library.jar:na]
	at play.core.server.Server$class.getHandlerFor(Server.scala:87) [play_2.10.jar:2.1.0]
	at play.core.server.NettyServer.getHandlerFor(NettyServer.scala:34) [play_2.10.jar:2.1.0]
	at play.core.server.netty.PlayDefaultUpstreamHandler.messageReceived(PlayDefaultUpstreamHandler.scala:103) [play_2.10.jar:2.1.0]
	at org.jboss.netty.channel.SimpleChannelUpstreamHandler.handleUpstream(SimpleChannelUpstreamHandler.java:75) [netty.jar:na]
	at org.jboss.netty.channel.DefaultChannelPipeline.sendUpstream(DefaultChannelPipeline.java:565) [netty.jar:na]
	at org.jboss.netty.channel.DefaultChannelPipeline$DefaultChannelHandlerContext.sendUpstream(DefaultChannelPipeline.java:793) [netty.jar:na]
	at org.jboss.netty.handler.codec.http.HttpContentDecoder.messageReceived(HttpContentDecoder.java:104) [netty.jar:na]
	at org.jboss.netty.channel.SimpleChannelUpstreamHandler.handleUpstream(SimpleChannelUpstreamHandler.java:75) [netty.jar:na]
	at org.jboss.netty.channel.DefaultChannelPipeline.sendUpstream(DefaultChannelPipeline.java:565) [netty.jar:na]
	at org.jboss.netty.channel.DefaultChannelPipeline$DefaultChannelHandlerContext.sendUpstream(DefaultChannelPipeline.java:793) [netty.jar:na]
	at org.jboss.netty.channel.Channels.fireMessageReceived(Channels.java:296) [netty.jar:na]
	at org.jboss.netty.handler.codec.frame.FrameDecoder.unfoldAndFireMessageReceived(FrameDecoder.java:455) [netty.jar:na]
	at org.jboss.netty.handler.codec.replay.ReplayingDecoder.callDecode(ReplayingDecoder.java:538) [netty.jar:na]
	at org.jboss.netty.handler.codec.replay.ReplayingDecoder.messageReceived(ReplayingDecoder.java:437) [netty.jar:na]
	at org.jboss.netty.channel.SimpleChannelUpstreamHandler.handleUpstream(SimpleChannelUpstreamHandler.java:75) [netty.jar:na]
	at org.jboss.netty.channel.DefaultChannelPipeline.sendUpstream(DefaultChannelPipeline.java:565) [netty.jar:na]
	at org.jboss.netty.channel.DefaultChannelPipeline.sendUpstream(DefaultChannelPipeline.java:560) [netty.jar:na]
	at org.jboss.netty.channel.Channels.fireMessageReceived(Channels.java:268) [netty.jar:na]
	at org.jboss.netty.channel.Channels.fireMessageReceived(Channels.java:255) [netty.jar:na]
	at org.jboss.netty.channel.socket.nio.NioWorker.read(NioWorker.java:84) [netty.jar:na]
	at org.jboss.netty.channel.socket.nio.AbstractNioWorker.processSelectedKeys(AbstractNioWorker.java:472) [netty.jar:na]
	at org.jboss.netty.channel.socket.nio.AbstractNioWorker.run(AbstractNioWorker.java:333) [netty.jar:na]
	at org.jboss.netty.channel.socket.nio.NioWorker.run(NioWorker.java:35) [netty.jar:na]
	at org.jboss.netty.util.ThreadRenamingRunnable.run(ThreadRenamingRunnable.java:102) [netty.jar:na]
	at org.jboss.netty.util.internal.DeadLockProofWorker$1.run(DeadLockProofWorker.java:42) [netty.jar:na]
	at java.util.concurrent.ThreadPoolExecutor.runWorker(Unknown Source) [na:1.7.0_11]
	at java.util.concurrent.ThreadPoolExecutor$Worker.run(Unknown Source) [na:1.7.0_11]
	at java.lang.Thread.run(Unknown Source) [na:1.7.0_11]

2013-05-25 01:51:36,692 - [ERROR] - from application in New I/O  worker #3 


! @6ed0f0aan - Internal server error, for (GET) [/users] ->

sbt.PlayExceptions$CompilationException: Compilation error[value updateUser is not a member of controllers.ReverseApplication]
	at sbt.PlayReloader$$anon$2$$anonfun$reload$2$$anonfun$apply$15$$anonfun$apply$16.apply(PlayReloader.scala:349) ~[na:na]
	at sbt.PlayReloader$$anon$2$$anonfun$reload$2$$anonfun$apply$15$$anonfun$apply$16.apply(PlayReloader.scala:349) ~[na:na]
	at scala.Option.map(Option.scala:133) ~[scala-library.jar:na]
	at sbt.PlayReloader$$anon$2$$anonfun$reload$2$$anonfun$apply$15.apply(PlayReloader.scala:349) ~[na:na]
	at sbt.PlayReloader$$anon$2$$anonfun$reload$2$$anonfun$apply$15.apply(PlayReloader.scala:346) ~[na:na]
	at scala.Option.map(Option.scala:133) ~[scala-library.jar:na]
	at sbt.PlayReloader$$anon$2$$anonfun$reload$2.apply(PlayReloader.scala:346) ~[na:na]
	at sbt.PlayReloader$$anon$2$$anonfun$reload$2.apply(PlayReloader.scala:344) ~[na:na]
	at scala.Either$LeftProjection.map(Either.scala:374) ~[na:na]
	at sbt.PlayReloader$$anon$2.reload(PlayReloader.scala:344) ~[na:na]
	at play.core.ReloadableApplication.get(ApplicationProvider.scala:98) ~[play_2.10.jar:2.1.0]
	at play.core.server.Server$class.sendHandler$1(Server.scala:56) [play_2.10.jar:2.1.0]
	at play.core.server.Server$$anonfun$getHandlerFor$4.apply(Server.scala:88) [play_2.10.jar:2.1.0]
	at play.core.server.Server$$anonfun$getHandlerFor$4.apply(Server.scala:87) [play_2.10.jar:2.1.0]
	at scala.util.Either$RightProjection.flatMap(Either.scala:523) [scala-library.jar:na]
	at play.core.server.Server$class.getHandlerFor(Server.scala:87) [play_2.10.jar:2.1.0]
	at play.core.server.NettyServer.getHandlerFor(NettyServer.scala:34) [play_2.10.jar:2.1.0]
	at play.core.server.netty.PlayDefaultUpstreamHandler.messageReceived(PlayDefaultUpstreamHandler.scala:103) [play_2.10.jar:2.1.0]
	at org.jboss.netty.channel.SimpleChannelUpstreamHandler.handleUpstream(SimpleChannelUpstreamHandler.java:75) [netty.jar:na]
	at org.jboss.netty.channel.DefaultChannelPipeline.sendUpstream(DefaultChannelPipeline.java:565) [netty.jar:na]
	at org.jboss.netty.channel.DefaultChannelPipeline$DefaultChannelHandlerContext.sendUpstream(DefaultChannelPipeline.java:793) [netty.jar:na]
	at org.jboss.netty.handler.codec.http.HttpContentDecoder.messageReceived(HttpContentDecoder.java:104) [netty.jar:na]
	at org.jboss.netty.channel.SimpleChannelUpstreamHandler.handleUpstream(SimpleChannelUpstreamHandler.java:75) [netty.jar:na]
	at org.jboss.netty.channel.DefaultChannelPipeline.sendUpstream(DefaultChannelPipeline.java:565) [netty.jar:na]
	at org.jboss.netty.channel.DefaultChannelPipeline$DefaultChannelHandlerContext.sendUpstream(DefaultChannelPipeline.java:793) [netty.jar:na]
	at org.jboss.netty.channel.Channels.fireMessageReceived(Channels.java:296) [netty.jar:na]
	at org.jboss.netty.handler.codec.frame.FrameDecoder.unfoldAndFireMessageReceived(FrameDecoder.java:455) [netty.jar:na]
	at org.jboss.netty.handler.codec.replay.ReplayingDecoder.callDecode(ReplayingDecoder.java:538) [netty.jar:na]
	at org.jboss.netty.handler.codec.replay.ReplayingDecoder.messageReceived(ReplayingDecoder.java:437) [netty.jar:na]
	at org.jboss.netty.channel.SimpleChannelUpstreamHandler.handleUpstream(SimpleChannelUpstreamHandler.java:75) [netty.jar:na]
	at org.jboss.netty.channel.DefaultChannelPipeline.sendUpstream(DefaultChannelPipeline.java:565) [netty.jar:na]
	at org.jboss.netty.channel.DefaultChannelPipeline.sendUpstream(DefaultChannelPipeline.java:560) [netty.jar:na]
	at org.jboss.netty.channel.Channels.fireMessageReceived(Channels.java:268) [netty.jar:na]
	at org.jboss.netty.channel.Channels.fireMessageReceived(Channels.java:255) [netty.jar:na]
	at org.jboss.netty.channel.socket.nio.NioWorker.read(NioWorker.java:84) [netty.jar:na]
	at org.jboss.netty.channel.socket.nio.AbstractNioWorker.processSelectedKeys(AbstractNioWorker.java:472) [netty.jar:na]
	at org.jboss.netty.channel.socket.nio.AbstractNioWorker.run(AbstractNioWorker.java:333) [netty.jar:na]
	at org.jboss.netty.channel.socket.nio.NioWorker.run(NioWorker.java:35) [netty.jar:na]
	at org.jboss.netty.util.ThreadRenamingRunnable.run(ThreadRenamingRunnable.java:102) [netty.jar:na]
	at org.jboss.netty.util.internal.DeadLockProofWorker$1.run(DeadLockProofWorker.java:42) [netty.jar:na]
	at java.util.concurrent.ThreadPoolExecutor.runWorker(Unknown Source) [na:1.7.0_11]
	at java.util.concurrent.ThreadPoolExecutor$Worker.run(Unknown Source) [na:1.7.0_11]
	at java.lang.Thread.run(Unknown Source) [na:1.7.0_11]

2013-05-25 01:52:28,707 - [INFO] - from play in New I/O  worker #3 
database [default] connected at jdbc:h2:mem:play

2013-05-25 01:52:28,763 - [INFO] - from play in New I/O  worker #3 
Application started (Dev)

2013-05-25 02:02:05,131 - [INFO] - from play in New I/O  worker #1 
database [default] connected at jdbc:h2:mem:play

2013-05-25 02:02:05,195 - [INFO] - from play in New I/O  worker #1 
Application started (Dev)

2013-05-25 02:03:50,299 - [INFO] - from play in New I/O  worker #3 
database [default] connected at jdbc:h2:mem:play

2013-05-25 02:03:50,361 - [INFO] - from play in New I/O  worker #3 
Application started (Dev)

2013-05-25 02:17:13,286 - [INFO] - from play in New I/O  worker #4 
database [default] connected at jdbc:h2:mem:play

2013-05-25 02:17:13,338 - [INFO] - from play in New I/O  worker #4 
Application started (Dev)

2013-05-25 02:22:13,858 - [INFO] - from play in New I/O  worker #2 
database [default] connected at jdbc:h2:mem:play

2013-05-25 02:22:13,906 - [ERROR] - from application in New I/O  worker #2 


! @6ed0j0o50 - Internal server error, for (GET) [/users] ->

play.api.db.evolutions.InvalidDatabaseRevision: Database 'default' needs evolution![An SQL script need to be run on your database.]
	at play.api.db.evolutions.EvolutionsPlugin$$anonfun$onStart$1$$anonfun$apply$1.apply$mcV$sp(Evolutions.scala:457) ~[play-jdbc_2.10.jar:2.1.0]
	at play.api.db.evolutions.EvolutionsPlugin.withLock(Evolutions.scala:478) ~[play-jdbc_2.10.jar:2.1.0]
	at play.api.db.evolutions.EvolutionsPlugin$$anonfun$onStart$1.apply(Evolutions.scala:434) ~[play-jdbc_2.10.jar:2.1.0]
	at play.api.db.evolutions.EvolutionsPlugin$$anonfun$onStart$1.apply(Evolutions.scala:432) ~[play-jdbc_2.10.jar:2.1.0]
	at scala.collection.immutable.List.foreach(List.scala:309) ~[scala-library.jar:na]
	at play.api.db.evolutions.EvolutionsPlugin.onStart(Evolutions.scala:432) ~[play-jdbc_2.10.jar:2.1.0]
	at play.api.Play$$anonfun$start$1$$anonfun$apply$mcV$sp$1.apply(Play.scala:63) ~[play_2.10.jar:2.1.0]
	at play.api.Play$$anonfun$start$1$$anonfun$apply$mcV$sp$1.apply(Play.scala:63) ~[play_2.10.jar:2.1.0]
	at scala.collection.immutable.List.foreach(List.scala:309) ~[scala-library.jar:na]
	at play.api.Play$$anonfun$start$1.apply$mcV$sp(Play.scala:63) ~[play_2.10.jar:2.1.0]
	at play.api.Play$$anonfun$start$1.apply(Play.scala:63) ~[play_2.10.jar:2.1.0]
	at play.api.Play$$anonfun$start$1.apply(Play.scala:63) ~[play_2.10.jar:2.1.0]
	at play.utils.Threads$.withContextClassLoader(Threads.scala:18) ~[play_2.10.jar:2.1.0]
	at play.api.Play$.start(Play.scala:62) ~[play_2.10.jar:2.1.0]
	at play.core.ReloadableApplication$$anonfun$get$1$$anonfun$1.apply(ApplicationProvider.scala:133) ~[play_2.10.jar:2.1.0]
	at play.core.ReloadableApplication$$anonfun$get$1$$anonfun$1.apply(ApplicationProvider.scala:106) ~[play_2.10.jar:2.1.0]
	at scala.Option.map(Option.scala:145) ~[scala-library.jar:na]
	at play.core.ReloadableApplication$$anonfun$get$1.apply(ApplicationProvider.scala:106) ~[play_2.10.jar:2.1.0]
	at play.core.ReloadableApplication$$anonfun$get$1.apply(ApplicationProvider.scala:104) ~[play_2.10.jar:2.1.0]
	at scala.util.Either$RightProjection.flatMap(Either.scala:523) [scala-library.jar:na]
	at play.core.ReloadableApplication.get(ApplicationProvider.scala:104) ~[play_2.10.jar:2.1.0]
	at play.core.server.Server$class.sendHandler$1(Server.scala:56) [play_2.10.jar:2.1.0]
	at play.core.server.Server$$anonfun$getHandlerFor$4.apply(Server.scala:88) [play_2.10.jar:2.1.0]
	at play.core.server.Server$$anonfun$getHandlerFor$4.apply(Server.scala:87) [play_2.10.jar:2.1.0]
	at scala.util.Either$RightProjection.flatMap(Either.scala:523) [scala-library.jar:na]
	at play.core.server.Server$class.getHandlerFor(Server.scala:87) [play_2.10.jar:2.1.0]
	at play.core.server.NettyServer.getHandlerFor(NettyServer.scala:34) [play_2.10.jar:2.1.0]
	at play.core.server.netty.PlayDefaultUpstreamHandler.messageReceived(PlayDefaultUpstreamHandler.scala:103) [play_2.10.jar:2.1.0]
	at org.jboss.netty.channel.SimpleChannelUpstreamHandler.handleUpstream(SimpleChannelUpstreamHandler.java:75) [netty.jar:na]
	at org.jboss.netty.channel.DefaultChannelPipeline.sendUpstream(DefaultChannelPipeline.java:565) [netty.jar:na]
	at org.jboss.netty.channel.DefaultChannelPipeline$DefaultChannelHandlerContext.sendUpstream(DefaultChannelPipeline.java:793) [netty.jar:na]
	at org.jboss.netty.handler.codec.http.HttpContentDecoder.messageReceived(HttpContentDecoder.java:104) [netty.jar:na]
	at org.jboss.netty.channel.SimpleChannelUpstreamHandler.handleUpstream(SimpleChannelUpstreamHandler.java:75) [netty.jar:na]
	at org.jboss.netty.channel.DefaultChannelPipeline.sendUpstream(DefaultChannelPipeline.java:565) [netty.jar:na]
	at org.jboss.netty.channel.DefaultChannelPipeline$DefaultChannelHandlerContext.sendUpstream(DefaultChannelPipeline.java:793) [netty.jar:na]
	at org.jboss.netty.channel.Channels.fireMessageReceived(Channels.java:296) [netty.jar:na]
	at org.jboss.netty.handler.codec.frame.FrameDecoder.unfoldAndFireMessageReceived(FrameDecoder.java:455) [netty.jar:na]
	at org.jboss.netty.handler.codec.replay.ReplayingDecoder.callDecode(ReplayingDecoder.java:538) [netty.jar:na]
	at org.jboss.netty.handler.codec.replay.ReplayingDecoder.messageReceived(ReplayingDecoder.java:437) [netty.jar:na]
	at org.jboss.netty.channel.SimpleChannelUpstreamHandler.handleUpstream(SimpleChannelUpstreamHandler.java:75) [netty.jar:na]
	at org.jboss.netty.channel.DefaultChannelPipeline.sendUpstream(DefaultChannelPipeline.java:565) [netty.jar:na]
	at org.jboss.netty.channel.DefaultChannelPipeline.sendUpstream(DefaultChannelPipeline.java:560) [netty.jar:na]
	at org.jboss.netty.channel.Channels.fireMessageReceived(Channels.java:268) [netty.jar:na]
	at org.jboss.netty.channel.Channels.fireMessageReceived(Channels.java:255) [netty.jar:na]
	at org.jboss.netty.channel.socket.nio.NioWorker.read(NioWorker.java:84) [netty.jar:na]
	at org.jboss.netty.channel.socket.nio.AbstractNioWorker.processSelectedKeys(AbstractNioWorker.java:472) [netty.jar:na]
	at org.jboss.netty.channel.socket.nio.AbstractNioWorker.run(AbstractNioWorker.java:333) [netty.jar:na]
	at org.jboss.netty.channel.socket.nio.NioWorker.run(NioWorker.java:35) [netty.jar:na]
	at org.jboss.netty.util.ThreadRenamingRunnable.run(ThreadRenamingRunnable.java:102) [netty.jar:na]
	at org.jboss.netty.util.internal.DeadLockProofWorker$1.run(DeadLockProofWorker.java:42) [netty.jar:na]
	at java.util.concurrent.ThreadPoolExecutor.runWorker(Unknown Source) [na:1.7.0_11]
	at java.util.concurrent.ThreadPoolExecutor$Worker.run(Unknown Source) [na:1.7.0_11]
	at java.lang.Thread.run(Unknown Source) [na:1.7.0_11]

2013-05-25 02:22:15,796 - [INFO] - from play in New I/O  worker #2 
database [default] connected at jdbc:h2:mem:play

2013-05-25 02:22:15,863 - [INFO] - from play in New I/O  worker #2 
Application started (Dev)

2013-05-25 02:34:34,047 - [INFO] - from play in New I/O  worker #4 
database [default] connected at jdbc:h2:mem:play

2013-05-25 02:34:34,101 - [INFO] - from play in New I/O  worker #4 
Application started (Dev)

2013-05-25 02:34:56,069 - [INFO] - from play in New I/O  worker #3 
database [default] connected at jdbc:h2:mem:play

2013-05-25 02:34:56,313 - [INFO] - from play in New I/O  worker #3 
Application started (Dev)

2013-05-25 02:35:16,558 - [INFO] - from play in New I/O  worker #4 
database [default] connected at jdbc:h2:mem:play

2013-05-25 02:35:16,629 - [INFO] - from play in New I/O  worker #4 
Application started (Dev)

2013-05-25 02:35:35,745 - [INFO] - from play in New I/O  worker #3 
database [default] connected at jdbc:h2:mem:play

2013-05-25 02:35:35,805 - [INFO] - from play in New I/O  worker #3 
Application started (Dev)

2013-05-25 02:54:42,387 - [INFO] - from play in New I/O  worker #3 
database [default] connected at jdbc:h2:mem:play

2013-05-25 02:54:42,447 - [INFO] - from play in New I/O  worker #3 
Application started (Dev)

2013-05-25 02:55:07,565 - [INFO] - from play in New I/O  worker #3 
database [default] connected at jdbc:h2:mem:play

2013-05-25 02:55:07,657 - [INFO] - from play in New I/O  worker #3 
Application started (Dev)

2013-05-25 02:56:40,935 - [INFO] - from play in New I/O  worker #3 
database [default] connected at jdbc:h2:mem:play

2013-05-25 02:56:40,986 - [INFO] - from play in New I/O  worker #3 
Application started (Dev)

2013-05-25 02:57:26,750 - [INFO] - from play in New I/O  worker #4 
database [default] connected at jdbc:h2:mem:play

2013-05-25 02:57:26,803 - [INFO] - from play in New I/O  worker #4 
Application started (Dev)

2013-05-25 02:58:28,645 - [INFO] - from play in New I/O  worker #3 
database [default] connected at jdbc:h2:mem:play

2013-05-25 02:58:28,714 - [INFO] - from play in New I/O  worker #3 
Application started (Dev)

2013-05-25 02:59:15,192 - [INFO] - from play in New I/O  worker #4 
database [default] connected at jdbc:h2:mem:play

2013-05-25 02:59:15,242 - [INFO] - from play in New I/O  worker #4 
Application started (Dev)

2013-05-25 03:01:10,214 - [INFO] - from play in New I/O  worker #3 
database [default] connected at jdbc:h2:mem:play

2013-05-25 03:01:10,266 - [INFO] - from play in New I/O  worker #3 
Application started (Dev)

2013-05-25 03:03:09,001 - [INFO] - from play in New I/O  worker #4 
database [default] connected at jdbc:h2:mem:play

2013-05-25 03:03:09,052 - [INFO] - from play in New I/O  worker #4 
Application started (Dev)

2013-05-25 03:05:31,254 - [INFO] - from play in New I/O  worker #4 
database [default] connected at jdbc:h2:mem:play

2013-05-25 03:05:31,306 - [INFO] - from play in New I/O  worker #4 
Application started (Dev)

2013-05-25 03:10:50,811 - [INFO] - from play in New I/O  worker #3 
database [default] connected at jdbc:h2:mem:play

2013-05-25 03:10:50,868 - [INFO] - from play in New I/O  worker #3 
Application started (Dev)

2013-05-25 03:12:11,126 - [INFO] - from play in New I/O  worker #2 
database [default] connected at jdbc:h2:mem:play

2013-05-25 03:12:11,180 - [INFO] - from play in New I/O  worker #2 
Application started (Dev)

2013-05-25 03:12:54,794 - [INFO] - from play in New I/O  worker #3 
database [default] connected at jdbc:h2:mem:play

2013-05-25 03:12:54,847 - [INFO] - from play in New I/O  worker #3 
Application started (Dev)

2013-05-25 03:17:35,192 - [INFO] - from play in New I/O  worker #4 
database [default] connected at jdbc:h2:mem:play

2013-05-25 03:17:35,248 - [INFO] - from play in New I/O  worker #4 
Application started (Dev)

2013-05-25 03:18:20,408 - [INFO] - from play in New I/O  worker #4 
database [default] connected at jdbc:h2:mem:play

2013-05-25 03:18:20,459 - [INFO] - from play in New I/O  worker #4 
Application started (Dev)

2013-05-25 03:19:09,668 - [INFO] - from play in New I/O  worker #4 
database [default] connected at jdbc:h2:mem:play

2013-05-25 03:19:09,731 - [INFO] - from play in New I/O  worker #4 
Application started (Dev)

2013-05-25 03:21:42,772 - [INFO] - from play in New I/O  worker #3 
database [default] connected at jdbc:h2:mem:play

2013-05-25 03:21:42,828 - [INFO] - from play in New I/O  worker #3 
Application started (Dev)

2013-05-25 03:22:27,156 - [INFO] - from play in New I/O  worker #3 
database [default] connected at jdbc:h2:mem:play

2013-05-25 03:22:27,203 - [ERROR] - from application in New I/O  worker #3 


! @6ed10od7p - Internal server error, for (GET) [/users] ->

play.api.db.evolutions.InvalidDatabaseRevision: Database 'default' needs evolution![An SQL script need to be run on your database.]
	at play.api.db.evolutions.EvolutionsPlugin$$anonfun$onStart$1$$anonfun$apply$1.apply$mcV$sp(Evolutions.scala:457) ~[play-jdbc_2.10.jar:2.1.0]
	at play.api.db.evolutions.EvolutionsPlugin.withLock(Evolutions.scala:478) ~[play-jdbc_2.10.jar:2.1.0]
	at play.api.db.evolutions.EvolutionsPlugin$$anonfun$onStart$1.apply(Evolutions.scala:434) ~[play-jdbc_2.10.jar:2.1.0]
	at play.api.db.evolutions.EvolutionsPlugin$$anonfun$onStart$1.apply(Evolutions.scala:432) ~[play-jdbc_2.10.jar:2.1.0]
	at scala.collection.immutable.List.foreach(List.scala:309) ~[scala-library.jar:na]
	at play.api.db.evolutions.EvolutionsPlugin.onStart(Evolutions.scala:432) ~[play-jdbc_2.10.jar:2.1.0]
	at play.api.Play$$anonfun$start$1$$anonfun$apply$mcV$sp$1.apply(Play.scala:63) ~[play_2.10.jar:2.1.0]
	at play.api.Play$$anonfun$start$1$$anonfun$apply$mcV$sp$1.apply(Play.scala:63) ~[play_2.10.jar:2.1.0]
	at scala.collection.immutable.List.foreach(List.scala:309) ~[scala-library.jar:na]
	at play.api.Play$$anonfun$start$1.apply$mcV$sp(Play.scala:63) ~[play_2.10.jar:2.1.0]
	at play.api.Play$$anonfun$start$1.apply(Play.scala:63) ~[play_2.10.jar:2.1.0]
	at play.api.Play$$anonfun$start$1.apply(Play.scala:63) ~[play_2.10.jar:2.1.0]
	at play.utils.Threads$.withContextClassLoader(Threads.scala:18) ~[play_2.10.jar:2.1.0]
	at play.api.Play$.start(Play.scala:62) ~[play_2.10.jar:2.1.0]
	at play.core.ReloadableApplication$$anonfun$get$1$$anonfun$1.apply(ApplicationProvider.scala:133) ~[play_2.10.jar:2.1.0]
	at play.core.ReloadableApplication$$anonfun$get$1$$anonfun$1.apply(ApplicationProvider.scala:106) ~[play_2.10.jar:2.1.0]
	at scala.Option.map(Option.scala:145) ~[scala-library.jar:na]
	at play.core.ReloadableApplication$$anonfun$get$1.apply(ApplicationProvider.scala:106) ~[play_2.10.jar:2.1.0]
	at play.core.ReloadableApplication$$anonfun$get$1.apply(ApplicationProvider.scala:104) ~[play_2.10.jar:2.1.0]
	at scala.util.Either$RightProjection.flatMap(Either.scala:523) [scala-library.jar:na]
	at play.core.ReloadableApplication.get(ApplicationProvider.scala:104) ~[play_2.10.jar:2.1.0]
	at play.core.server.Server$class.sendHandler$1(Server.scala:56) [play_2.10.jar:2.1.0]
	at play.core.server.Server$$anonfun$getHandlerFor$4.apply(Server.scala:88) [play_2.10.jar:2.1.0]
	at play.core.server.Server$$anonfun$getHandlerFor$4.apply(Server.scala:87) [play_2.10.jar:2.1.0]
	at scala.util.Either$RightProjection.flatMap(Either.scala:523) [scala-library.jar:na]
	at play.core.server.Server$class.getHandlerFor(Server.scala:87) [play_2.10.jar:2.1.0]
	at play.core.server.NettyServer.getHandlerFor(NettyServer.scala:34) [play_2.10.jar:2.1.0]
	at play.core.server.netty.PlayDefaultUpstreamHandler.messageReceived(PlayDefaultUpstreamHandler.scala:103) [play_2.10.jar:2.1.0]
	at org.jboss.netty.channel.SimpleChannelUpstreamHandler.handleUpstream(SimpleChannelUpstreamHandler.java:75) [netty.jar:na]
	at org.jboss.netty.channel.DefaultChannelPipeline.sendUpstream(DefaultChannelPipeline.java:565) [netty.jar:na]
	at org.jboss.netty.channel.DefaultChannelPipeline$DefaultChannelHandlerContext.sendUpstream(DefaultChannelPipeline.java:793) [netty.jar:na]
	at org.jboss.netty.handler.codec.http.HttpContentDecoder.messageReceived(HttpContentDecoder.java:104) [netty.jar:na]
	at org.jboss.netty.channel.SimpleChannelUpstreamHandler.handleUpstream(SimpleChannelUpstreamHandler.java:75) [netty.jar:na]
	at org.jboss.netty.channel.DefaultChannelPipeline.sendUpstream(DefaultChannelPipeline.java:565) [netty.jar:na]
	at org.jboss.netty.channel.DefaultChannelPipeline$DefaultChannelHandlerContext.sendUpstream(DefaultChannelPipeline.java:793) [netty.jar:na]
	at org.jboss.netty.channel.Channels.fireMessageReceived(Channels.java:296) [netty.jar:na]
	at org.jboss.netty.handler.codec.frame.FrameDecoder.unfoldAndFireMessageReceived(FrameDecoder.java:455) [netty.jar:na]
	at org.jboss.netty.handler.codec.replay.ReplayingDecoder.callDecode(ReplayingDecoder.java:538) [netty.jar:na]
	at org.jboss.netty.handler.codec.replay.ReplayingDecoder.messageReceived(ReplayingDecoder.java:437) [netty.jar:na]
	at org.jboss.netty.channel.SimpleChannelUpstreamHandler.handleUpstream(SimpleChannelUpstreamHandler.java:75) [netty.jar:na]
	at org.jboss.netty.channel.DefaultChannelPipeline.sendUpstream(DefaultChannelPipeline.java:565) [netty.jar:na]
	at org.jboss.netty.channel.DefaultChannelPipeline.sendUpstream(DefaultChannelPipeline.java:560) [netty.jar:na]
	at org.jboss.netty.channel.Channels.fireMessageReceived(Channels.java:268) [netty.jar:na]
	at org.jboss.netty.channel.Channels.fireMessageReceived(Channels.java:255) [netty.jar:na]
	at org.jboss.netty.channel.socket.nio.NioWorker.read(NioWorker.java:84) [netty.jar:na]
	at org.jboss.netty.channel.socket.nio.AbstractNioWorker.processSelectedKeys(AbstractNioWorker.java:472) [netty.jar:na]
	at org.jboss.netty.channel.socket.nio.AbstractNioWorker.run(AbstractNioWorker.java:333) [netty.jar:na]
	at org.jboss.netty.channel.socket.nio.NioWorker.run(NioWorker.java:35) [netty.jar:na]
	at org.jboss.netty.util.ThreadRenamingRunnable.run(ThreadRenamingRunnable.java:102) [netty.jar:na]
	at org.jboss.netty.util.internal.DeadLockProofWorker$1.run(DeadLockProofWorker.java:42) [netty.jar:na]
	at java.util.concurrent.ThreadPoolExecutor.runWorker(Unknown Source) [na:1.7.0_11]
	at java.util.concurrent.ThreadPoolExecutor$Worker.run(Unknown Source) [na:1.7.0_11]
	at java.lang.Thread.run(Unknown Source) [na:1.7.0_11]

2013-05-25 03:22:29,478 - [INFO] - from play in New I/O  worker #3 
database [default] connected at jdbc:h2:mem:play

2013-05-25 03:22:29,542 - [INFO] - from play in New I/O  worker #3 
Application started (Dev)

2013-05-25 03:23:37,298 - [INFO] - from play in New I/O  worker #2 
database [default] connected at jdbc:h2:mem:play

2013-05-25 03:23:37,348 - [INFO] - from play in New I/O  worker #2 
Application started (Dev)

2013-05-25 03:26:57,568 - [INFO] - from play in New I/O  worker #4 
database [default] connected at jdbc:h2:mem:play

2013-05-25 03:26:57,620 - [INFO] - from play in New I/O  worker #4 
Application started (Dev)

2013-05-25 03:31:19,777 - [INFO] - from play in New I/O  worker #4 
database [default] connected at jdbc:h2:mem:play

2013-05-25 03:31:19,830 - [INFO] - from play in New I/O  worker #4 
Application started (Dev)

2013-05-25 03:37:37,652 - [INFO] - from play in New I/O  worker #3 
database [default] connected at jdbc:h2:mem:play

2013-05-25 03:37:37,705 - [INFO] - from play in New I/O  worker #3 
Application started (Dev)

2013-05-25 03:38:35,013 - [INFO] - from play in New I/O  worker #1 
database [default] connected at jdbc:h2:mem:play

2013-05-25 03:38:35,065 - [INFO] - from play in New I/O  worker #1 
Application started (Dev)

2013-05-25 03:39:44,957 - [INFO] - from play in New I/O  worker #3 
database [default] connected at jdbc:h2:mem:play

2013-05-25 03:39:45,012 - [INFO] - from play in New I/O  worker #3 
Application started (Dev)

2013-05-25 03:52:44,230 - [INFO] - from play in New I/O  worker #4 
database [default] connected at jdbc:h2:mem:play

2013-05-25 03:52:44,283 - [INFO] - from play in New I/O  worker #4 
Application started (Dev)

2013-05-25 03:58:53,869 - [INFO] - from play in New I/O  worker #2 
database [default] connected at jdbc:h2:mem:play

2013-05-25 03:58:53,922 - [INFO] - from play in New I/O  worker #2 
Application started (Dev)

2013-05-25 04:00:54,314 - [INFO] - from play in New I/O  worker #1 
database [default] connected at jdbc:h2:mem:play

2013-05-25 04:00:54,408 - [INFO] - from play in New I/O  worker #1 
Application started (Dev)

2013-05-25 04:05:47,252 - [INFO] - from play in New I/O  worker #1 
database [default] connected at jdbc:h2:mem:play

2013-05-25 04:05:47,303 - [INFO] - from play in New I/O  worker #1 
Application started (Dev)

2013-05-25 04:07:16,827 - [INFO] - from play in New I/O  worker #2 
database [default] connected at jdbc:h2:mem:play

2013-05-25 04:07:16,880 - [INFO] - from play in New I/O  worker #2 
Application started (Dev)

